{"/Volumes/Dev/code/req-helper/dist/req-helper.cjs.js":{"path":"/Volumes/Dev/code/req-helper/dist/req-helper.cjs.js","s":{"1":1,"2":1,"3":1,"4":1,"5":1,"6":38,"7":0,"8":38,"9":0,"10":38,"11":9,"12":9,"13":9,"14":9,"15":8,"16":8,"17":9,"18":29,"19":1,"20":20,"21":7,"22":1,"23":1,"24":12,"25":1,"26":78,"27":1,"28":74,"29":74,"30":1,"31":30,"32":4,"33":26,"34":4,"35":22,"36":4,"37":18,"38":18,"39":18,"40":18,"41":19,"42":19,"43":19,"44":18,"45":26,"46":26,"47":1,"48":26,"49":23,"50":23,"51":1,"52":22,"53":22,"54":14,"55":25,"56":18,"57":6,"58":6,"59":18,"60":1,"61":21,"62":4,"63":17,"64":4,"65":13,"66":4,"67":9,"68":9,"69":9,"70":9,"71":22,"72":22,"73":22,"74":9,"75":15,"76":15,"77":4,"78":11,"79":11,"80":11,"81":1,"82":1,"83":10,"84":1,"85":10,"86":8,"87":8,"88":7,"89":0,"90":10,"91":9,"92":2,"93":2,"94":2,"95":9,"96":1,"97":1,"98":1,"99":1,"100":1,"101":1,"102":30,"103":4,"104":26,"105":2,"106":24,"107":23,"108":5,"109":18,"110":5,"111":13,"112":13,"113":13,"114":13,"115":13,"116":13,"117":13,"118":30,"119":30,"120":30,"121":30,"122":1,"123":29,"124":9,"125":9,"126":29,"127":6,"128":6,"129":2,"130":6,"131":6,"132":3,"133":3,"134":6,"135":23,"136":23,"137":7,"138":1,"139":6,"140":23,"141":23,"142":23,"143":3,"144":3,"145":23,"146":23,"147":22,"148":1,"149":1,"150":21,"151":21,"152":21,"153":6,"154":21,"155":4,"156":4,"157":21,"158":1,"159":21,"160":21,"161":21,"162":17,"163":11,"164":11,"165":13,"166":10,"167":10,"168":21,"169":1,"170":1,"171":19,"172":4,"173":15,"174":2,"175":13,"176":12,"177":2,"178":10,"179":8,"180":6,"181":1,"182":5,"183":5,"184":5,"185":5,"186":5,"187":5,"188":10,"189":10,"190":10,"191":10,"192":10,"193":2,"194":2,"195":8,"196":2,"197":8,"198":4,"199":4,"200":5,"201":8,"202":1,"203":7,"204":2,"205":2,"206":7,"207":2,"208":2,"209":7,"210":1,"211":6,"212":6,"213":6,"214":5,"215":1,"216":18,"217":4,"218":1,"219":1,"220":1,"221":1,"222":1,"223":1,"224":1,"225":18,"226":4,"227":14,"228":5,"229":9,"230":9,"231":9,"232":18,"233":18,"234":18,"235":1,"236":1,"237":17,"238":17,"239":10,"240":10,"241":7,"242":9,"243":8,"244":12,"245":3,"246":3,"247":9,"248":9,"249":2,"250":1,"251":1,"252":1,"253":7,"254":5,"255":4,"256":1,"257":3,"258":1,"259":1,"260":1,"261":1,"262":1,"263":1,"264":1,"265":1,"266":1,"267":1,"268":1,"269":1,"270":1,"271":1},"b":{"1":[0,38],"2":[0,38],"3":[9,29],"4":[8,1],"5":[7,1,12],"6":[74,4,0,0,0,0],"7":[4,26],"8":[4,22],"9":[26,19,16],"10":[4,18],"11":[22,12],"12":[19,0],"13":[11,8],"14":[19,19],"15":[26,26],"16":[1,25],"17":[23,3],"18":[1,22],"19":[14,8],"20":[4,17],"21":[4,13],"22":[17,13],"23":[4,9],"24":[13,13,10],"25":[22,0],"26":[8,14],"27":[22,22],"28":[15,13],"29":[4,11],"30":[1,10],"31":[8,2],"32":[8,0],"33":[2,0],"34":[1,1],"35":[4,26],"36":[2,24],"37":[5,18],"38":[23,8,4],"39":[5,13],"40":[18,18,14],"41":[30,28],"42":[30,6,2,1],"43":[1,29],"44":[30,4],"45":[9,20],"46":[19,10],"47":[29,29],"48":[6,23],"49":[2,4],"50":[3,3],"51":[1,6],"52":[3,20],"53":[1,21],"54":[6,15],"55":[4,17],"56":[11,6],"57":[10,3],"58":[4,15],"59":[2,13],"60":[2,10],"61":[12,9,5],"62":[1,5],"63":[6,3,3],"64":[0,10],"65":[10,10],"66":[10,0],"67":[2,8],"68":[10,4],"69":[2,6],"70":[8,2],"71":[4,4],"72":[1,7],"73":[2,5],"74":[2,5],"75":[1,6],"76":[4,14],"77":[18,7,4],"78":[1,1],"79":[4,14],"80":[5,9],"81":[14,13,12],"82":[1,17],"83":[10,7],"84":[3,9],"85":[9,0],"86":[1,1],"87":[1,0],"88":[5,2],"89":[4,1],"90":[5,2],"91":[1,1,1]},"f":{"1":38,"2":20,"3":78,"4":74,"5":26,"6":15,"7":1,"8":30,"9":30,"10":21,"11":10,"12":1,"13":12,"14":2,"15":7},"fnMap":{"1":{"name":"setDelay","line":21,"loc":{"start":{"line":21,"column":0},"end":{"line":21,"column":28}}},"2":{"name":"clearDelay","line":45,"loc":{"start":{"line":45,"column":0},"end":{"line":45,"column":29}}},"3":{"name":"getType","line":56,"loc":{"start":{"line":56,"column":0},"end":{"line":56,"column":20}}},"4":{"name":"isPromise","line":59,"loc":{"start":{"line":59,"column":0},"end":{"line":59,"column":24}}},"5":{"name":"(anonymous_5)","line":109,"loc":{"start":{"line":109,"column":18},"end":{"line":109,"column":45}}},"6":{"name":"(anonymous_6)","line":178,"loc":{"start":{"line":178,"column":18},"end":{"line":178,"column":36}}},"7":{"name":"(anonymous_7)","line":213,"loc":{"start":{"line":213,"column":1},"end":{"line":213,"column":26}}},"8":{"name":"latest","line":242,"loc":{"start":{"line":242,"column":0},"end":{"line":242,"column":47}}},"9":{"name":"proxy","line":262,"loc":{"start":{"line":262,"column":11},"end":{"line":262,"column":45}}},"10":{"name":"generateProxyPromise","line":328,"loc":{"start":{"line":328,"column":0},"end":{"line":328,"column":35}}},"11":{"name":"(anonymous_11)","line":393,"loc":{"start":{"line":393,"column":16},"end":{"line":393,"column":34}}},"12":{"name":"(anonymous_12)","line":442,"loc":{"start":{"line":442,"column":1},"end":{"line":442,"column":26}}},"13":{"name":"(anonymous_13)","line":491,"loc":{"start":{"line":491,"column":12},"end":{"line":491,"column":15}}},"14":{"name":"(anonymous_14)","line":500,"loc":{"start":{"line":500,"column":14},"end":{"line":500,"column":17}}},"15":{"name":"(anonymous_15)","line":508,"loc":{"start":{"line":508,"column":15},"end":{"line":508,"column":24}}}},"statementMap":{"1":{"start":{"line":10,"column":0},"end":{"line":10,"column":62}},"2":{"start":{"line":12,"column":0},"end":{"line":12,"column":34}},"3":{"start":{"line":13,"column":0},"end":{"line":13,"column":16}},"4":{"start":{"line":14,"column":0},"end":{"line":14,"column":20}},"5":{"start":{"line":21,"column":0},"end":{"line":40,"column":1}},"6":{"start":{"line":22,"column":4},"end":{"line":24,"column":5}},"7":{"start":{"line":23,"column":8},"end":{"line":23,"column":104}},"8":{"start":{"line":25,"column":4},"end":{"line":27,"column":5}},"9":{"start":{"line":26,"column":8},"end":{"line":26,"column":106}},"10":{"start":{"line":28,"column":4},"end":{"line":38,"column":5}},"11":{"start":{"line":29,"column":8},"end":{"line":29,"column":37}},"12":{"start":{"line":30,"column":8},"end":{"line":30,"column":33}},"13":{"start":{"line":31,"column":8},"end":{"line":36,"column":11}},"14":{"start":{"line":32,"column":12},"end":{"line":35,"column":13}},"15":{"start":{"line":33,"column":16},"end":{"line":33,"column":41}},"16":{"start":{"line":34,"column":16},"end":{"line":34,"column":21}},"17":{"start":{"line":37,"column":8},"end":{"line":37,"column":23}},"18":{"start":{"line":39,"column":4},"end":{"line":39,"column":32}},"19":{"start":{"line":45,"column":0},"end":{"line":55,"column":1}},"20":{"start":{"line":46,"column":4},"end":{"line":54,"column":5}},"21":{"start":{"line":48,"column":12},"end":{"line":48,"column":18}},"22":{"start":{"line":50,"column":12},"end":{"line":50,"column":37}},"23":{"start":{"line":51,"column":12},"end":{"line":51,"column":18}},"24":{"start":{"line":53,"column":12},"end":{"line":53,"column":34}},"25":{"start":{"line":56,"column":0},"end":{"line":58,"column":1}},"26":{"start":{"line":57,"column":4},"end":{"line":57,"column":45}},"27":{"start":{"line":59,"column":0},"end":{"line":67,"column":1}},"28":{"start":{"line":60,"column":4},"end":{"line":60,"column":30}},"29":{"start":{"line":61,"column":4},"end":{"line":66,"column":60}},"30":{"start":{"line":90,"column":0},"end":{"line":131,"column":2}},"31":{"start":{"line":91,"column":4},"end":{"line":93,"column":5}},"32":{"start":{"line":92,"column":8},"end":{"line":92,"column":101}},"33":{"start":{"line":94,"column":4},"end":{"line":96,"column":5}},"34":{"start":{"line":95,"column":8},"end":{"line":95,"column":116}},"35":{"start":{"line":97,"column":4},"end":{"line":99,"column":5}},"36":{"start":{"line":98,"column":8},"end":{"line":98,"column":129}},"37":{"start":{"line":100,"column":4},"end":{"line":100,"column":16}},"38":{"start":{"line":101,"column":4},"end":{"line":101,"column":16}},"39":{"start":{"line":102,"column":4},"end":{"line":102,"column":14}},"40":{"start":{"line":103,"column":4},"end":{"line":108,"column":6}},"41":{"start":{"line":104,"column":8},"end":{"line":107,"column":9}},"42":{"start":{"line":105,"column":12},"end":{"line":105,"column":30}},"43":{"start":{"line":106,"column":12},"end":{"line":106,"column":114}},"44":{"start":{"line":109,"column":4},"end":{"line":125,"column":6}},"45":{"start":{"line":110,"column":8},"end":{"line":110,"column":34}},"46":{"start":{"line":111,"column":8},"end":{"line":113,"column":9}},"47":{"start":{"line":112,"column":12},"end":{"line":112,"column":23}},"48":{"start":{"line":114,"column":8},"end":{"line":123,"column":9}},"49":{"start":{"line":115,"column":12},"end":{"line":115,"column":37}},"50":{"start":{"line":116,"column":12},"end":{"line":118,"column":13}},"51":{"start":{"line":117,"column":16},"end":{"line":117,"column":145}},"52":{"start":{"line":119,"column":12},"end":{"line":119,"column":38}},"53":{"start":{"line":120,"column":12},"end":{"line":122,"column":13}},"54":{"start":{"line":121,"column":16},"end":{"line":121,"column":56}},"55":{"start":{"line":124,"column":8},"end":{"line":124,"column":21}},"56":{"start":{"line":126,"column":4},"end":{"line":129,"column":6}},"57":{"start":{"line":127,"column":8},"end":{"line":127,"column":28}},"58":{"start":{"line":128,"column":8},"end":{"line":128,"column":19}},"59":{"start":{"line":130,"column":4},"end":{"line":130,"column":17}},"60":{"start":{"line":159,"column":0},"end":{"line":210,"column":2}},"61":{"start":{"line":160,"column":4},"end":{"line":162,"column":5}},"62":{"start":{"line":161,"column":8},"end":{"line":161,"column":104}},"63":{"start":{"line":163,"column":4},"end":{"line":165,"column":5}},"64":{"start":{"line":164,"column":8},"end":{"line":164,"column":113}},"65":{"start":{"line":166,"column":4},"end":{"line":168,"column":5}},"66":{"start":{"line":167,"column":8},"end":{"line":167,"column":119}},"67":{"start":{"line":169,"column":4},"end":{"line":169,"column":16}},"68":{"start":{"line":170,"column":4},"end":{"line":170,"column":25}},"69":{"start":{"line":171,"column":4},"end":{"line":171,"column":16}},"70":{"start":{"line":172,"column":4},"end":{"line":177,"column":6}},"71":{"start":{"line":173,"column":8},"end":{"line":176,"column":9}},"72":{"start":{"line":174,"column":12},"end":{"line":174,"column":28}},"73":{"start":{"line":175,"column":12},"end":{"line":175,"column":109}},"74":{"start":{"line":178,"column":4},"end":{"line":202,"column":6}},"75":{"start":{"line":179,"column":8},"end":{"line":179,"column":34}},"76":{"start":{"line":180,"column":8},"end":{"line":182,"column":9}},"77":{"start":{"line":181,"column":12},"end":{"line":181,"column":63}},"78":{"start":{"line":183,"column":8},"end":{"line":183,"column":25}},"79":{"start":{"line":184,"column":8},"end":{"line":184,"column":42}},"80":{"start":{"line":185,"column":8},"end":{"line":188,"column":9}},"81":{"start":{"line":186,"column":12},"end":{"line":186,"column":30}},"82":{"start":{"line":187,"column":12},"end":{"line":187,"column":144}},"83":{"start":{"line":189,"column":8},"end":{"line":200,"column":11}},"84":{"start":{"line":190,"column":25},"end":{"line":190,"column":42}},"85":{"start":{"line":192,"column":12},"end":{"line":199,"column":13}},"86":{"start":{"line":193,"column":16},"end":{"line":198,"column":17}},"87":{"start":{"line":194,"column":20},"end":{"line":194,"column":69}},"88":{"start":{"line":194,"column":45},"end":{"line":194,"column":62}},"89":{"start":{"line":197,"column":20},"end":{"line":197,"column":38}},"90":{"start":{"line":201,"column":8},"end":{"line":201,"column":19}},"91":{"start":{"line":203,"column":4},"end":{"line":208,"column":6}},"92":{"start":{"line":204,"column":8},"end":{"line":207,"column":9}},"93":{"start":{"line":205,"column":12},"end":{"line":205,"column":30}},"94":{"start":{"line":206,"column":12},"end":{"line":206,"column":32}},"95":{"start":{"line":209,"column":4},"end":{"line":209,"column":17}},"96":{"start":{"line":212,"column":0},"end":{"line":212,"column":18}},"97":{"start":{"line":213,"column":0},"end":{"line":217,"column":42}},"98":{"start":{"line":214,"column":4},"end":{"line":214,"column":63}},"99":{"start":{"line":215,"column":4},"end":{"line":215,"column":60}},"100":{"start":{"line":216,"column":4},"end":{"line":216,"column":64}},"101":{"start":{"line":242,"column":0},"end":{"line":323,"column":1}},"102":{"start":{"line":243,"column":4},"end":{"line":245,"column":5}},"103":{"start":{"line":244,"column":8},"end":{"line":244,"column":102}},"104":{"start":{"line":246,"column":4},"end":{"line":248,"column":5}},"105":{"start":{"line":247,"column":8},"end":{"line":247,"column":109}},"106":{"start":{"line":249,"column":4},"end":{"line":249,"column":47}},"107":{"start":{"line":250,"column":4},"end":{"line":252,"column":5}},"108":{"start":{"line":251,"column":8},"end":{"line":251,"column":132}},"109":{"start":{"line":253,"column":4},"end":{"line":255,"column":5}},"110":{"start":{"line":254,"column":8},"end":{"line":254,"column":131}},"111":{"start":{"line":256,"column":4},"end":{"line":256,"column":16}},"112":{"start":{"line":257,"column":4},"end":{"line":257,"column":29}},"113":{"start":{"line":258,"column":4},"end":{"line":258,"column":21}},"114":{"start":{"line":259,"column":4},"end":{"line":259,"column":16}},"115":{"start":{"line":260,"column":4},"end":{"line":260,"column":25}},"116":{"start":{"line":261,"column":4},"end":{"line":261,"column":32}},"117":{"start":{"line":262,"column":4},"end":{"line":322,"column":6}},"118":{"start":{"line":263,"column":8},"end":{"line":263,"column":34}},"119":{"start":{"line":264,"column":8},"end":{"line":264,"column":46}},"120":{"start":{"line":265,"column":8},"end":{"line":265,"column":141}},"121":{"start":{"line":267,"column":8},"end":{"line":269,"column":9}},"122":{"start":{"line":268,"column":12},"end":{"line":268,"column":42}},"123":{"start":{"line":271,"column":8},"end":{"line":274,"column":9}},"124":{"start":{"line":272,"column":12},"end":{"line":272,"column":66}},"125":{"start":{"line":273,"column":12},"end":{"line":273,"column":37}},"126":{"start":{"line":276,"column":8},"end":{"line":289,"column":9}},"127":{"start":{"line":278,"column":12},"end":{"line":283,"column":15}},"128":{"start":{"line":279,"column":16},"end":{"line":281,"column":17}},"129":{"start":{"line":280,"column":20},"end":{"line":280,"column":58}},"130":{"start":{"line":282,"column":16},"end":{"line":282,"column":62}},"131":{"start":{"line":284,"column":12},"end":{"line":287,"column":13}},"132":{"start":{"line":285,"column":16},"end":{"line":285,"column":38}},"133":{"start":{"line":286,"column":16},"end":{"line":286,"column":41}},"134":{"start":{"line":288,"column":12},"end":{"line":288,"column":23}},"135":{"start":{"line":290,"column":8},"end":{"line":290,"column":23}},"136":{"start":{"line":291,"column":8},"end":{"line":296,"column":10}},"137":{"start":{"line":292,"column":12},"end":{"line":294,"column":13}},"138":{"start":{"line":293,"column":16},"end":{"line":293,"column":119}},"139":{"start":{"line":295,"column":12},"end":{"line":295,"column":60}},"140":{"start":{"line":298,"column":8},"end":{"line":298,"column":81}},"141":{"start":{"line":298,"column":28},"end":{"line":298,"column":80}},"142":{"start":{"line":300,"column":8},"end":{"line":304,"column":9}},"143":{"start":{"line":301,"column":12},"end":{"line":303,"column":16}},"144":{"start":{"line":302,"column":16},"end":{"line":302,"column":40}},"145":{"start":{"line":305,"column":8},"end":{"line":305,"column":23}},"146":{"start":{"line":306,"column":8},"end":{"line":306,"column":35}},"147":{"start":{"line":307,"column":8},"end":{"line":310,"column":9}},"148":{"start":{"line":308,"column":12},"end":{"line":308,"column":27}},"149":{"start":{"line":309,"column":12},"end":{"line":309,"column":161}},"150":{"start":{"line":311,"column":8},"end":{"line":320,"column":11}},"151":{"start":{"line":312,"column":12},"end":{"line":312,"column":27}},"152":{"start":{"line":313,"column":12},"end":{"line":315,"column":13}},"153":{"start":{"line":314,"column":16},"end":{"line":314,"column":55}},"154":{"start":{"line":316,"column":12},"end":{"line":319,"column":13}},"155":{"start":{"line":317,"column":16},"end":{"line":317,"column":88}},"156":{"start":{"line":318,"column":16},"end":{"line":318,"column":36}},"157":{"start":{"line":321,"column":8},"end":{"line":321,"column":71}},"158":{"start":{"line":328,"column":0},"end":{"line":346,"column":1}},"159":{"start":{"line":329,"column":4},"end":{"line":331,"column":6}},"160":{"start":{"line":332,"column":4},"end":{"line":344,"column":7}},"161":{"start":{"line":333,"column":8},"end":{"line":343,"column":11}},"162":{"start":{"line":334,"column":12},"end":{"line":337,"column":13}},"163":{"start":{"line":335,"column":16},"end":{"line":335,"column":31}},"164":{"start":{"line":336,"column":16},"end":{"line":336,"column":59}},"165":{"start":{"line":339,"column":12},"end":{"line":342,"column":13}},"166":{"start":{"line":340,"column":16},"end":{"line":340,"column":31}},"167":{"start":{"line":341,"column":16},"end":{"line":341,"column":58}},"168":{"start":{"line":345,"column":4},"end":{"line":345,"column":21}},"169":{"start":{"line":347,"column":0},"end":{"line":347,"column":25}},"170":{"start":{"line":372,"column":0},"end":{"line":434,"column":2}},"171":{"start":{"line":373,"column":4},"end":{"line":375,"column":5}},"172":{"start":{"line":374,"column":8},"end":{"line":374,"column":103}},"173":{"start":{"line":376,"column":4},"end":{"line":378,"column":5}},"174":{"start":{"line":377,"column":8},"end":{"line":377,"column":101}},"175":{"start":{"line":379,"column":4},"end":{"line":379,"column":55}},"176":{"start":{"line":380,"column":4},"end":{"line":382,"column":5}},"177":{"start":{"line":381,"column":8},"end":{"line":381,"column":143}},"178":{"start":{"line":383,"column":4},"end":{"line":383,"column":36}},"179":{"start":{"line":384,"column":4},"end":{"line":384,"column":36}},"180":{"start":{"line":385,"column":4},"end":{"line":387,"column":5}},"181":{"start":{"line":386,"column":8},"end":{"line":386,"column":126}},"182":{"start":{"line":388,"column":4},"end":{"line":388,"column":26}},"183":{"start":{"line":389,"column":4},"end":{"line":389,"column":16}},"184":{"start":{"line":390,"column":4},"end":{"line":390,"column":17}},"185":{"start":{"line":391,"column":4},"end":{"line":391,"column":24}},"186":{"start":{"line":392,"column":4},"end":{"line":392,"column":24}},"187":{"start":{"line":393,"column":4},"end":{"line":413,"column":6}},"188":{"start":{"line":394,"column":8},"end":{"line":394,"column":25}},"189":{"start":{"line":395,"column":8},"end":{"line":395,"column":74}},"190":{"start":{"line":396,"column":8},"end":{"line":403,"column":9}},"191":{"start":{"line":397,"column":12},"end":{"line":397,"column":34}},"192":{"start":{"line":399,"column":12},"end":{"line":402,"column":13}},"193":{"start":{"line":400,"column":16},"end":{"line":400,"column":27}},"194":{"start":{"line":401,"column":16},"end":{"line":401,"column":23}},"195":{"start":{"line":405,"column":8},"end":{"line":407,"column":9}},"196":{"start":{"line":406,"column":12},"end":{"line":406,"column":59}},"197":{"start":{"line":409,"column":8},"end":{"line":412,"column":9}},"198":{"start":{"line":410,"column":12},"end":{"line":410,"column":40}},"199":{"start":{"line":411,"column":12},"end":{"line":411,"column":59}},"200":{"start":{"line":414,"column":4},"end":{"line":432,"column":6}},"201":{"start":{"line":415,"column":8},"end":{"line":417,"column":9}},"202":{"start":{"line":416,"column":12},"end":{"line":416,"column":19}},"203":{"start":{"line":418,"column":8},"end":{"line":421,"column":9}},"204":{"start":{"line":419,"column":12},"end":{"line":419,"column":40}},"205":{"start":{"line":420,"column":12},"end":{"line":420,"column":40}},"206":{"start":{"line":422,"column":8},"end":{"line":425,"column":9}},"207":{"start":{"line":423,"column":12},"end":{"line":423,"column":40}},"208":{"start":{"line":424,"column":12},"end":{"line":424,"column":40}},"209":{"start":{"line":426,"column":8},"end":{"line":428,"column":9}},"210":{"start":{"line":427,"column":12},"end":{"line":427,"column":19}},"211":{"start":{"line":429,"column":8},"end":{"line":429,"column":30}},"212":{"start":{"line":430,"column":8},"end":{"line":430,"column":17}},"213":{"start":{"line":431,"column":8},"end":{"line":431,"column":42}},"214":{"start":{"line":433,"column":4},"end":{"line":433,"column":15}},"215":{"start":{"line":435,"column":0},"end":{"line":439,"column":2}},"216":{"start":{"line":436,"column":4},"end":{"line":438,"column":5}},"217":{"start":{"line":437,"column":8},"end":{"line":437,"column":121}},"218":{"start":{"line":441,"column":0},"end":{"line":441,"column":18}},"219":{"start":{"line":442,"column":0},"end":{"line":447,"column":42}},"220":{"start":{"line":443,"column":4},"end":{"line":443,"column":54}},"221":{"start":{"line":444,"column":4},"end":{"line":444,"column":62}},"222":{"start":{"line":445,"column":4},"end":{"line":445,"column":56}},"223":{"start":{"line":446,"column":4},"end":{"line":446,"column":62}},"224":{"start":{"line":463,"column":0},"end":{"line":530,"column":2}},"225":{"start":{"line":464,"column":4},"end":{"line":466,"column":5}},"226":{"start":{"line":465,"column":8},"end":{"line":465,"column":103}},"227":{"start":{"line":467,"column":4},"end":{"line":469,"column":5}},"228":{"start":{"line":468,"column":8},"end":{"line":468,"column":101}},"229":{"start":{"line":470,"column":4},"end":{"line":470,"column":16}},"230":{"start":{"line":471,"column":4},"end":{"line":471,"column":36}},"231":{"start":{"line":472,"column":4},"end":{"line":488,"column":6}},"232":{"start":{"line":473,"column":8},"end":{"line":473,"column":40}},"233":{"start":{"line":474,"column":8},"end":{"line":474,"column":30}},"234":{"start":{"line":475,"column":8},"end":{"line":478,"column":9}},"235":{"start":{"line":476,"column":12},"end":{"line":476,"column":40}},"236":{"start":{"line":477,"column":12},"end":{"line":477,"column":162}},"237":{"start":{"line":479,"column":8},"end":{"line":487,"column":11}},"238":{"start":{"line":480,"column":12},"end":{"line":486,"column":13}},"239":{"start":{"line":481,"column":16},"end":{"line":481,"column":45}},"240":{"start":{"line":482,"column":16},"end":{"line":482,"column":47}},"241":{"start":{"line":485,"column":16},"end":{"line":485,"column":44}},"242":{"start":{"line":489,"column":4},"end":{"line":489,"column":12}},"243":{"start":{"line":490,"column":4},"end":{"line":529,"column":6}},"244":{"start":{"line":492,"column":12},"end":{"line":498,"column":13}},"245":{"start":{"line":493,"column":16},"end":{"line":493,"column":36}},"246":{"start":{"line":494,"column":16},"end":{"line":494,"column":44}},"247":{"start":{"line":496,"column":17},"end":{"line":498,"column":13}},"248":{"start":{"line":497,"column":16},"end":{"line":497,"column":48}},"249":{"start":{"line":501,"column":12},"end":{"line":506,"column":13}},"250":{"start":{"line":502,"column":16},"end":{"line":502,"column":24}},"251":{"start":{"line":504,"column":17},"end":{"line":506,"column":13}},"252":{"start":{"line":505,"column":16},"end":{"line":505,"column":48}},"253":{"start":{"line":509,"column":12},"end":{"line":514,"column":13}},"254":{"start":{"line":510,"column":16},"end":{"line":512,"column":17}},"255":{"start":{"line":511,"column":20},"end":{"line":511,"column":115}},"256":{"start":{"line":513,"column":16},"end":{"line":513,"column":29}},"257":{"start":{"line":515,"column":12},"end":{"line":527,"column":13}},"258":{"start":{"line":517,"column":20},"end":{"line":517,"column":40}},"259":{"start":{"line":518,"column":20},"end":{"line":518,"column":48}},"260":{"start":{"line":519,"column":20},"end":{"line":519,"column":28}},"261":{"start":{"line":520,"column":20},"end":{"line":520,"column":26}},"262":{"start":{"line":522,"column":20},"end":{"line":522,"column":52}},"263":{"start":{"line":523,"column":20},"end":{"line":523,"column":26}},"264":{"start":{"line":525,"column":20},"end":{"line":525,"column":28}},"265":{"start":{"line":526,"column":20},"end":{"line":526,"column":26}},"266":{"start":{"line":531,"column":0},"end":{"line":531,"column":23}},"267":{"start":{"line":533,"column":0},"end":{"line":533,"column":22}},"268":{"start":{"line":534,"column":0},"end":{"line":534,"column":28}},"269":{"start":{"line":535,"column":0},"end":{"line":535,"column":24}},"270":{"start":{"line":536,"column":0},"end":{"line":536,"column":26}},"271":{"start":{"line":537,"column":0},"end":{"line":537,"column":26}}},"branchMap":{"1":{"line":22,"type":"if","locations":[{"start":{"line":22,"column":4},"end":{"line":22,"column":4}},{"start":{"line":22,"column":4},"end":{"line":22,"column":4}}]},"2":{"line":25,"type":"if","locations":[{"start":{"line":25,"column":4},"end":{"line":25,"column":4}},{"start":{"line":25,"column":4},"end":{"line":25,"column":4}}]},"3":{"line":28,"type":"if","locations":[{"start":{"line":28,"column":4},"end":{"line":28,"column":4}},{"start":{"line":28,"column":4},"end":{"line":28,"column":4}}]},"4":{"line":32,"type":"if","locations":[{"start":{"line":32,"column":12},"end":{"line":32,"column":12}},{"start":{"line":32,"column":12},"end":{"line":32,"column":12}}]},"5":{"line":46,"type":"switch","locations":[{"start":{"line":47,"column":8},"end":{"line":48,"column":18}},{"start":{"line":49,"column":8},"end":{"line":51,"column":18}},{"start":{"line":52,"column":8},"end":{"line":53,"column":34}}]},"6":{"line":61,"type":"binary-expr","locations":[{"start":{"line":61,"column":11},"end":{"line":61,"column":38}},{"start":{"line":62,"column":11},"end":{"line":62,"column":45}},{"start":{"line":63,"column":15},"end":{"line":63,"column":45}},{"start":{"line":64,"column":15},"end":{"line":64,"column":46}},{"start":{"line":65,"column":15},"end":{"line":65,"column":60}},{"start":{"line":66,"column":15},"end":{"line":66,"column":59}}]},"7":{"line":91,"type":"if","locations":[{"start":{"line":91,"column":4},"end":{"line":91,"column":4}},{"start":{"line":91,"column":4},"end":{"line":91,"column":4}}]},"8":{"line":94,"type":"if","locations":[{"start":{"line":94,"column":4},"end":{"line":94,"column":4}},{"start":{"line":94,"column":4},"end":{"line":94,"column":4}}]},"9":{"line":94,"type":"binary-expr","locations":[{"start":{"line":94,"column":8},"end":{"line":94,"column":30}},{"start":{"line":94,"column":35},"end":{"line":94,"column":63}},{"start":{"line":94,"column":67},"end":{"line":94,"column":80}}]},"10":{"line":97,"type":"if","locations":[{"start":{"line":97,"column":4},"end":{"line":97,"column":4}},{"start":{"line":97,"column":4},"end":{"line":97,"column":4}}]},"11":{"line":97,"type":"binary-expr","locations":[{"start":{"line":97,"column":8},"end":{"line":97,"column":38}},{"start":{"line":97,"column":42},"end":{"line":97,"column":81}}]},"12":{"line":104,"type":"if","locations":[{"start":{"line":104,"column":8},"end":{"line":104,"column":8}},{"start":{"line":104,"column":8},"end":{"line":104,"column":8}}]},"13":{"line":106,"type":"cond-expr","locations":[{"start":{"line":106,"column":73},"end":{"line":106,"column":79}},{"start":{"line":106,"column":82},"end":{"line":106,"column":113}}]},"14":{"line":106,"type":"binary-expr","locations":[{"start":{"line":106,"column":12},"end":{"line":106,"column":38}},{"start":{"line":106,"column":42},"end":{"line":106,"column":70}}]},"15":{"line":110,"type":"binary-expr","locations":[{"start":{"line":110,"column":18},"end":{"line":110,"column":25}},{"start":{"line":110,"column":29},"end":{"line":110,"column":33}}]},"16":{"line":111,"type":"if","locations":[{"start":{"line":111,"column":8},"end":{"line":111,"column":8}},{"start":{"line":111,"column":8},"end":{"line":111,"column":8}}]},"17":{"line":114,"type":"if","locations":[{"start":{"line":114,"column":8},"end":{"line":114,"column":8}},{"start":{"line":114,"column":8},"end":{"line":114,"column":8}}]},"18":{"line":116,"type":"if","locations":[{"start":{"line":116,"column":12},"end":{"line":116,"column":12}},{"start":{"line":116,"column":12},"end":{"line":116,"column":12}}]},"19":{"line":120,"type":"if","locations":[{"start":{"line":120,"column":12},"end":{"line":120,"column":12}},{"start":{"line":120,"column":12},"end":{"line":120,"column":12}}]},"20":{"line":160,"type":"if","locations":[{"start":{"line":160,"column":4},"end":{"line":160,"column":4}},{"start":{"line":160,"column":4},"end":{"line":160,"column":4}}]},"21":{"line":163,"type":"if","locations":[{"start":{"line":163,"column":4},"end":{"line":163,"column":4}},{"start":{"line":163,"column":4},"end":{"line":163,"column":4}}]},"22":{"line":163,"type":"binary-expr","locations":[{"start":{"line":163,"column":8},"end":{"line":163,"column":33}},{"start":{"line":163,"column":37},"end":{"line":163,"column":71}}]},"23":{"line":166,"type":"if","locations":[{"start":{"line":166,"column":4},"end":{"line":166,"column":4}},{"start":{"line":166,"column":4},"end":{"line":166,"column":4}}]},"24":{"line":166,"type":"binary-expr","locations":[{"start":{"line":166,"column":8},"end":{"line":166,"column":24}},{"start":{"line":166,"column":29},"end":{"line":166,"column":51}},{"start":{"line":166,"column":55},"end":{"line":166,"column":62}}]},"25":{"line":173,"type":"if","locations":[{"start":{"line":173,"column":8},"end":{"line":173,"column":8}},{"start":{"line":173,"column":8},"end":{"line":173,"column":8}}]},"26":{"line":175,"type":"cond-expr","locations":[{"start":{"line":175,"column":63},"end":{"line":175,"column":69}},{"start":{"line":175,"column":72},"end":{"line":175,"column":108}}]},"27":{"line":175,"type":"binary-expr","locations":[{"start":{"line":175,"column":12},"end":{"line":175,"column":33}},{"start":{"line":175,"column":37},"end":{"line":175,"column":60}}]},"28":{"line":179,"type":"binary-expr","locations":[{"start":{"line":179,"column":18},"end":{"line":179,"column":25}},{"start":{"line":179,"column":29},"end":{"line":179,"column":33}}]},"29":{"line":180,"type":"if","locations":[{"start":{"line":180,"column":8},"end":{"line":180,"column":8}},{"start":{"line":180,"column":8},"end":{"line":180,"column":8}}]},"30":{"line":185,"type":"if","locations":[{"start":{"line":185,"column":8},"end":{"line":185,"column":8}},{"start":{"line":185,"column":8},"end":{"line":185,"column":8}}]},"31":{"line":192,"type":"if","locations":[{"start":{"line":192,"column":12},"end":{"line":192,"column":12}},{"start":{"line":192,"column":12},"end":{"line":192,"column":12}}]},"32":{"line":193,"type":"if","locations":[{"start":{"line":193,"column":16},"end":{"line":193,"column":16}},{"start":{"line":193,"column":16},"end":{"line":193,"column":16}}]},"33":{"line":204,"type":"if","locations":[{"start":{"line":204,"column":8},"end":{"line":204,"column":8}},{"start":{"line":204,"column":8},"end":{"line":204,"column":8}}]},"34":{"line":217,"type":"binary-expr","locations":[{"start":{"line":217,"column":3},"end":{"line":217,"column":16}},{"start":{"line":217,"column":21},"end":{"line":217,"column":39}}]},"35":{"line":243,"type":"if","locations":[{"start":{"line":243,"column":4},"end":{"line":243,"column":4}},{"start":{"line":243,"column":4},"end":{"line":243,"column":4}}]},"36":{"line":246,"type":"if","locations":[{"start":{"line":246,"column":4},"end":{"line":246,"column":4}},{"start":{"line":246,"column":4},"end":{"line":246,"column":4}}]},"37":{"line":250,"type":"if","locations":[{"start":{"line":250,"column":4},"end":{"line":250,"column":4}},{"start":{"line":250,"column":4},"end":{"line":250,"column":4}}]},"38":{"line":250,"type":"binary-expr","locations":[{"start":{"line":250,"column":8},"end":{"line":250,"column":30}},{"start":{"line":250,"column":35},"end":{"line":250,"column":63}},{"start":{"line":250,"column":67},"end":{"line":250,"column":80}}]},"39":{"line":253,"type":"if","locations":[{"start":{"line":253,"column":4},"end":{"line":253,"column":4}},{"start":{"line":253,"column":4},"end":{"line":253,"column":4}}]},"40":{"line":253,"type":"binary-expr","locations":[{"start":{"line":253,"column":8},"end":{"line":253,"column":29}},{"start":{"line":253,"column":34},"end":{"line":253,"column":61}},{"start":{"line":253,"column":65},"end":{"line":253,"column":77}}]},"41":{"line":263,"type":"binary-expr","locations":[{"start":{"line":263,"column":18},"end":{"line":263,"column":25}},{"start":{"line":263,"column":29},"end":{"line":263,"column":33}}]},"42":{"line":265,"type":"binary-expr","locations":[{"start":{"line":265,"column":29},"end":{"line":265,"column":51}},{"start":{"line":265,"column":56},"end":{"line":265,"column":82}},{"start":{"line":265,"column":86},"end":{"line":265,"column":112}},{"start":{"line":265,"column":116},"end":{"line":265,"column":139}}]},"43":{"line":267,"type":"if","locations":[{"start":{"line":267,"column":8},"end":{"line":267,"column":8}},{"start":{"line":267,"column":8},"end":{"line":267,"column":8}}]},"44":{"line":267,"type":"binary-expr","locations":[{"start":{"line":267,"column":12},"end":{"line":267,"column":24}},{"start":{"line":267,"column":28},"end":{"line":267,"column":48}}]},"45":{"line":271,"type":"if","locations":[{"start":{"line":271,"column":8},"end":{"line":271,"column":8}},{"start":{"line":271,"column":8},"end":{"line":271,"column":8}}]},"46":{"line":271,"type":"cond-expr","locations":[{"start":{"line":271,"column":64},"end":{"line":271,"column":70}},{"start":{"line":271,"column":73},"end":{"line":271,"column":92}}]},"47":{"line":271,"type":"binary-expr","locations":[{"start":{"line":271,"column":13},"end":{"line":271,"column":34}},{"start":{"line":271,"column":38},"end":{"line":271,"column":61}}]},"48":{"line":276,"type":"if","locations":[{"start":{"line":276,"column":8},"end":{"line":276,"column":8}},{"start":{"line":276,"column":8},"end":{"line":276,"column":8}}]},"49":{"line":279,"type":"if","locations":[{"start":{"line":279,"column":16},"end":{"line":279,"column":16}},{"start":{"line":279,"column":16},"end":{"line":279,"column":16}}]},"50":{"line":284,"type":"if","locations":[{"start":{"line":284,"column":12},"end":{"line":284,"column":12}},{"start":{"line":284,"column":12},"end":{"line":284,"column":12}}]},"51":{"line":292,"type":"if","locations":[{"start":{"line":292,"column":12},"end":{"line":292,"column":12}},{"start":{"line":292,"column":12},"end":{"line":292,"column":12}}]},"52":{"line":300,"type":"if","locations":[{"start":{"line":300,"column":8},"end":{"line":300,"column":8}},{"start":{"line":300,"column":8},"end":{"line":300,"column":8}}]},"53":{"line":307,"type":"if","locations":[{"start":{"line":307,"column":8},"end":{"line":307,"column":8}},{"start":{"line":307,"column":8},"end":{"line":307,"column":8}}]},"54":{"line":313,"type":"if","locations":[{"start":{"line":313,"column":12},"end":{"line":313,"column":12}},{"start":{"line":313,"column":12},"end":{"line":313,"column":12}}]},"55":{"line":316,"type":"if","locations":[{"start":{"line":316,"column":12},"end":{"line":316,"column":12}},{"start":{"line":316,"column":12},"end":{"line":316,"column":12}}]},"56":{"line":334,"type":"if","locations":[{"start":{"line":334,"column":12},"end":{"line":334,"column":12}},{"start":{"line":334,"column":12},"end":{"line":334,"column":12}}]},"57":{"line":339,"type":"if","locations":[{"start":{"line":339,"column":12},"end":{"line":339,"column":12}},{"start":{"line":339,"column":12},"end":{"line":339,"column":12}}]},"58":{"line":373,"type":"if","locations":[{"start":{"line":373,"column":4},"end":{"line":373,"column":4}},{"start":{"line":373,"column":4},"end":{"line":373,"column":4}}]},"59":{"line":376,"type":"if","locations":[{"start":{"line":376,"column":4},"end":{"line":376,"column":4}},{"start":{"line":376,"column":4},"end":{"line":376,"column":4}}]},"60":{"line":380,"type":"if","locations":[{"start":{"line":380,"column":4},"end":{"line":380,"column":4}},{"start":{"line":380,"column":4},"end":{"line":380,"column":4}}]},"61":{"line":380,"type":"binary-expr","locations":[{"start":{"line":380,"column":8},"end":{"line":380,"column":29}},{"start":{"line":380,"column":33},"end":{"line":380,"column":54}},{"start":{"line":380,"column":58},"end":{"line":380,"column":79}}]},"62":{"line":385,"type":"if","locations":[{"start":{"line":385,"column":4},"end":{"line":385,"column":4}},{"start":{"line":385,"column":4},"end":{"line":385,"column":4}}]},"63":{"line":385,"type":"binary-expr","locations":[{"start":{"line":385,"column":8},"end":{"line":385,"column":29}},{"start":{"line":385,"column":34},"end":{"line":385,"column":61}},{"start":{"line":385,"column":65},"end":{"line":385,"column":77}}]},"64":{"line":395,"type":"cond-expr","locations":[{"start":{"line":395,"column":59},"end":{"line":395,"column":66}},{"start":{"line":395,"column":69},"end":{"line":395,"column":73}}]},"65":{"line":395,"type":"binary-expr","locations":[{"start":{"line":395,"column":18},"end":{"line":395,"column":34}},{"start":{"line":395,"column":38},"end":{"line":395,"column":56}}]},"66":{"line":396,"type":"if","locations":[{"start":{"line":396,"column":8},"end":{"line":396,"column":8}},{"start":{"line":396,"column":8},"end":{"line":396,"column":8}}]},"67":{"line":399,"type":"if","locations":[{"start":{"line":399,"column":12},"end":{"line":399,"column":12}},{"start":{"line":399,"column":12},"end":{"line":399,"column":12}}]},"68":{"line":399,"type":"binary-expr","locations":[{"start":{"line":399,"column":16},"end":{"line":399,"column":24}},{"start":{"line":399,"column":28},"end":{"line":399,"column":50}}]},"69":{"line":405,"type":"if","locations":[{"start":{"line":405,"column":8},"end":{"line":405,"column":8}},{"start":{"line":405,"column":8},"end":{"line":405,"column":8}}]},"70":{"line":405,"type":"binary-expr","locations":[{"start":{"line":405,"column":12},"end":{"line":405,"column":33}},{"start":{"line":405,"column":37},"end":{"line":405,"column":66}}]},"71":{"line":409,"type":"if","locations":[{"start":{"line":409,"column":8},"end":{"line":409,"column":8}},{"start":{"line":409,"column":8},"end":{"line":409,"column":8}}]},"72":{"line":415,"type":"if","locations":[{"start":{"line":415,"column":8},"end":{"line":415,"column":8}},{"start":{"line":415,"column":8},"end":{"line":415,"column":8}}]},"73":{"line":418,"type":"if","locations":[{"start":{"line":418,"column":8},"end":{"line":418,"column":8}},{"start":{"line":418,"column":8},"end":{"line":418,"column":8}}]},"74":{"line":422,"type":"if","locations":[{"start":{"line":422,"column":8},"end":{"line":422,"column":8}},{"start":{"line":422,"column":8},"end":{"line":422,"column":8}}]},"75":{"line":426,"type":"if","locations":[{"start":{"line":426,"column":8},"end":{"line":426,"column":8}},{"start":{"line":426,"column":8},"end":{"line":426,"column":8}}]},"76":{"line":436,"type":"if","locations":[{"start":{"line":436,"column":4},"end":{"line":436,"column":4}},{"start":{"line":436,"column":4},"end":{"line":436,"column":4}}]},"77":{"line":436,"type":"binary-expr","locations":[{"start":{"line":436,"column":8},"end":{"line":436,"column":25}},{"start":{"line":436,"column":30},"end":{"line":436,"column":53}},{"start":{"line":436,"column":57},"end":{"line":436,"column":65}}]},"78":{"line":447,"type":"binary-expr","locations":[{"start":{"line":447,"column":3},"end":{"line":447,"column":16}},{"start":{"line":447,"column":21},"end":{"line":447,"column":39}}]},"79":{"line":464,"type":"if","locations":[{"start":{"line":464,"column":4},"end":{"line":464,"column":4}},{"start":{"line":464,"column":4},"end":{"line":464,"column":4}}]},"80":{"line":467,"type":"if","locations":[{"start":{"line":467,"column":4},"end":{"line":467,"column":4}},{"start":{"line":467,"column":4},"end":{"line":467,"column":4}}]},"81":{"line":467,"type":"binary-expr","locations":[{"start":{"line":467,"column":8},"end":{"line":467,"column":24}},{"start":{"line":467,"column":28},"end":{"line":467,"column":50}},{"start":{"line":467,"column":54},"end":{"line":467,"column":61}}]},"82":{"line":475,"type":"if","locations":[{"start":{"line":475,"column":8},"end":{"line":475,"column":8}},{"start":{"line":475,"column":8},"end":{"line":475,"column":8}}]},"83":{"line":480,"type":"if","locations":[{"start":{"line":480,"column":12},"end":{"line":480,"column":12}},{"start":{"line":480,"column":12},"end":{"line":480,"column":12}}]},"84":{"line":492,"type":"if","locations":[{"start":{"line":492,"column":12},"end":{"line":492,"column":12}},{"start":{"line":492,"column":12},"end":{"line":492,"column":12}}]},"85":{"line":496,"type":"if","locations":[{"start":{"line":496,"column":17},"end":{"line":496,"column":17}},{"start":{"line":496,"column":17},"end":{"line":496,"column":17}}]},"86":{"line":501,"type":"if","locations":[{"start":{"line":501,"column":12},"end":{"line":501,"column":12}},{"start":{"line":501,"column":12},"end":{"line":501,"column":12}}]},"87":{"line":504,"type":"if","locations":[{"start":{"line":504,"column":17},"end":{"line":504,"column":17}},{"start":{"line":504,"column":17},"end":{"line":504,"column":17}}]},"88":{"line":509,"type":"if","locations":[{"start":{"line":509,"column":12},"end":{"line":509,"column":12}},{"start":{"line":509,"column":12},"end":{"line":509,"column":12}}]},"89":{"line":510,"type":"if","locations":[{"start":{"line":510,"column":16},"end":{"line":510,"column":16}},{"start":{"line":510,"column":16},"end":{"line":510,"column":16}}]},"90":{"line":510,"type":"binary-expr","locations":[{"start":{"line":510,"column":20},"end":{"line":510,"column":45}},{"start":{"line":510,"column":49},"end":{"line":510,"column":59}}]},"91":{"line":515,"type":"switch","locations":[{"start":{"line":516,"column":16},"end":{"line":520,"column":26}},{"start":{"line":521,"column":16},"end":{"line":523,"column":26}},{"start":{"line":524,"column":16},"end":{"line":526,"column":26}}]}}}}