{"/Volumes/Dev/code/req-helper/dist/req-helper.cjs.js":{"path":"/Volumes/Dev/code/req-helper/dist/req-helper.cjs.js","s":{"1":1,"2":1,"3":1,"4":1,"5":1,"6":39,"7":0,"8":39,"9":0,"10":39,"11":9,"12":9,"13":9,"14":9,"15":8,"16":8,"17":9,"18":30,"19":1,"20":15,"21":2,"22":1,"23":1,"24":12,"25":1,"26":79,"27":1,"28":75,"29":75,"30":1,"31":31,"32":4,"33":27,"34":4,"35":23,"36":4,"37":19,"38":19,"39":19,"40":19,"41":9,"42":9,"43":9,"44":11,"45":19,"46":27,"47":27,"48":1,"49":27,"50":24,"51":24,"52":1,"53":23,"54":23,"55":15,"56":26,"57":19,"58":3,"59":3,"60":19,"61":1,"62":21,"63":4,"64":17,"65":4,"66":13,"67":4,"68":9,"69":9,"70":9,"71":9,"72":14,"73":14,"74":14,"75":7,"76":9,"77":15,"78":15,"79":4,"80":11,"81":11,"82":11,"83":1,"84":10,"85":10,"86":9,"87":8,"88":7,"89":10,"90":1,"91":10,"92":9,"93":2,"94":2,"95":2,"96":9,"97":1,"98":1,"99":1,"100":1,"101":1,"102":1,"103":21,"104":21,"105":21,"106":17,"107":11,"108":11,"109":13,"110":10,"111":10,"112":21,"113":1,"114":30,"115":4,"116":26,"117":2,"118":24,"119":23,"120":5,"121":18,"122":5,"123":13,"124":13,"125":13,"126":13,"127":13,"128":13,"129":13,"130":30,"131":30,"132":30,"133":30,"134":1,"135":29,"136":9,"137":29,"138":6,"139":3,"140":3,"141":6,"142":6,"143":2,"144":6,"145":23,"146":23,"147":7,"148":1,"149":6,"150":6,"151":23,"152":23,"153":23,"154":4,"155":4,"156":4,"157":23,"158":23,"159":22,"160":1,"161":21,"162":21,"163":21,"164":21,"165":6,"166":6,"167":3,"168":21,"169":4,"170":4,"171":21,"172":1,"173":20,"174":4,"175":1,"176":19,"177":4,"178":15,"179":2,"180":13,"181":12,"182":1,"183":11,"184":9,"185":7,"186":2,"187":5,"188":5,"189":5,"190":5,"191":5,"192":5,"193":10,"194":10,"195":10,"196":10,"197":10,"198":10,"199":2,"200":2,"201":8,"202":2,"203":8,"204":4,"205":2,"206":4,"207":5,"208":8,"209":1,"210":7,"211":2,"212":2,"213":7,"214":2,"215":2,"216":7,"217":1,"218":6,"219":6,"220":6,"221":5,"222":1,"223":1,"224":1,"225":1,"226":1,"227":1,"228":1,"229":1,"230":18,"231":4,"232":14,"233":5,"234":9,"235":9,"236":9,"237":18,"238":18,"239":18,"240":1,"241":1,"242":17,"243":17,"244":10,"245":10,"246":7,"247":9,"248":8,"249":12,"250":3,"251":3,"252":9,"253":9,"254":2,"255":1,"256":1,"257":1,"258":7,"259":5,"260":4,"261":1,"262":3,"263":1,"264":1,"265":1,"266":1,"267":1,"268":1,"269":1,"270":1,"271":1,"272":1,"273":1,"274":1,"275":1},"b":{"1":[0,39],"2":[0,39],"3":[9,30],"4":[8,1],"5":[2,1,12],"6":[75,4,0,0,0,0],"7":[4,27],"8":[4,23],"9":[27,20,17],"10":[4,19],"11":[23,13],"12":[9,10],"13":[9,0],"14":[9,9],"15":[27,27],"16":[1,26],"17":[24,3],"18":[1,23],"19":[15,8],"20":[4,17],"21":[4,13],"22":[17,13],"23":[4,9],"24":[13,13,10],"25":[5,4],"26":[14,0],"27":[15,13],"28":[4,11],"29":[1,10],"30":[10,0],"31":[8,1],"32":[2,0],"33":[1,1],"34":[11,6],"35":[10,3],"36":[4,26],"37":[2,24],"38":[5,18],"39":[23,8,4],"40":[5,13],"41":[18,14],"42":[30,28],"43":[30,6,2,1],"44":[1,29],"45":[30,5],"46":[9,20],"47":[29,16],"48":[6,23],"49":[3,3],"50":[2,4],"51":[1,6],"52":[4,19],"53":[1,21],"54":[6,15],"55":[3,3],"56":[4,17],"57":[4,16],"58":[20,7,4],"59":[4,15],"60":[2,13],"61":[1,11],"62":[12,9,5],"63":[2,5],"64":[7,4,3],"65":[10,10],"66":[10,0],"67":[2,8],"68":[10,4],"69":[2,6],"70":[8,2],"71":[4,4],"72":[2,2],"73":[1,7],"74":[2,5],"75":[2,5],"76":[1,6],"77":[1,1],"78":[4,14],"79":[5,9],"80":[14,11],"81":[1,17],"82":[10,7],"83":[3,9],"84":[9,0],"85":[1,1],"86":[1,0],"87":[5,2],"88":[4,1],"89":[5,2],"90":[1,1,1]},"f":{"1":39,"2":15,"3":79,"4":75,"5":27,"6":15,"7":1,"8":21,"9":30,"10":30,"11":10,"12":1,"13":12,"14":2,"15":7},"fnMap":{"1":{"name":"setDelay","line":15,"loc":{"start":{"line":15,"column":0},"end":{"line":15,"column":28}}},"2":{"name":"clearDelay","line":35,"loc":{"start":{"line":35,"column":0},"end":{"line":35,"column":29}}},"3":{"name":"getType","line":46,"loc":{"start":{"line":46,"column":0},"end":{"line":46,"column":20}}},"4":{"name":"isPromise","line":49,"loc":{"start":{"line":49,"column":0},"end":{"line":49,"column":24}}},"5":{"name":"(anonymous_5)","line":83,"loc":{"start":{"line":83,"column":18},"end":{"line":83,"column":45}}},"6":{"name":"(anonymous_6)","line":133,"loc":{"start":{"line":133,"column":18},"end":{"line":133,"column":36}}},"7":{"name":"(anonymous_7)","line":165,"loc":{"start":{"line":165,"column":1},"end":{"line":165,"column":26}}},"8":{"name":"generateProxyPromise","line":174,"loc":{"start":{"line":174,"column":0},"end":{"line":174,"column":35}}},"9":{"name":"latest","line":197,"loc":{"start":{"line":197,"column":0},"end":{"line":197,"column":47}}},"10":{"name":"proxy","line":217,"loc":{"start":{"line":217,"column":11},"end":{"line":217,"column":45}}},"11":{"name":"(anonymous_11)","line":309,"loc":{"start":{"line":309,"column":22},"end":{"line":309,"column":40}}},"12":{"name":"(anonymous_12)","line":356,"loc":{"start":{"line":356,"column":1},"end":{"line":356,"column":26}}},"13":{"name":"(anonymous_13)","line":397,"loc":{"start":{"line":397,"column":12},"end":{"line":397,"column":15}}},"14":{"name":"(anonymous_14)","line":406,"loc":{"start":{"line":406,"column":14},"end":{"line":406,"column":17}}},"15":{"name":"(anonymous_15)","line":414,"loc":{"start":{"line":414,"column":15},"end":{"line":414,"column":24}}}},"statementMap":{"1":{"start":{"line":10,"column":0},"end":{"line":10,"column":62}},"2":{"start":{"line":12,"column":0},"end":{"line":12,"column":34}},"3":{"start":{"line":13,"column":0},"end":{"line":13,"column":16}},"4":{"start":{"line":14,"column":0},"end":{"line":14,"column":20}},"5":{"start":{"line":15,"column":0},"end":{"line":34,"column":1}},"6":{"start":{"line":16,"column":4},"end":{"line":18,"column":5}},"7":{"start":{"line":17,"column":8},"end":{"line":17,"column":104}},"8":{"start":{"line":19,"column":4},"end":{"line":21,"column":5}},"9":{"start":{"line":20,"column":8},"end":{"line":20,"column":106}},"10":{"start":{"line":22,"column":4},"end":{"line":32,"column":5}},"11":{"start":{"line":23,"column":8},"end":{"line":23,"column":37}},"12":{"start":{"line":24,"column":8},"end":{"line":24,"column":33}},"13":{"start":{"line":25,"column":8},"end":{"line":30,"column":11}},"14":{"start":{"line":26,"column":12},"end":{"line":29,"column":13}},"15":{"start":{"line":27,"column":16},"end":{"line":27,"column":41}},"16":{"start":{"line":28,"column":16},"end":{"line":28,"column":21}},"17":{"start":{"line":31,"column":8},"end":{"line":31,"column":23}},"18":{"start":{"line":33,"column":4},"end":{"line":33,"column":32}},"19":{"start":{"line":35,"column":0},"end":{"line":45,"column":1}},"20":{"start":{"line":36,"column":4},"end":{"line":44,"column":5}},"21":{"start":{"line":38,"column":12},"end":{"line":38,"column":18}},"22":{"start":{"line":40,"column":12},"end":{"line":40,"column":37}},"23":{"start":{"line":41,"column":12},"end":{"line":41,"column":18}},"24":{"start":{"line":43,"column":12},"end":{"line":43,"column":34}},"25":{"start":{"line":46,"column":0},"end":{"line":48,"column":1}},"26":{"start":{"line":47,"column":4},"end":{"line":47,"column":45}},"27":{"start":{"line":49,"column":0},"end":{"line":57,"column":1}},"28":{"start":{"line":50,"column":4},"end":{"line":50,"column":30}},"29":{"start":{"line":51,"column":4},"end":{"line":56,"column":60}},"30":{"start":{"line":64,"column":0},"end":{"line":105,"column":2}},"31":{"start":{"line":65,"column":4},"end":{"line":67,"column":5}},"32":{"start":{"line":66,"column":8},"end":{"line":66,"column":101}},"33":{"start":{"line":68,"column":4},"end":{"line":70,"column":5}},"34":{"start":{"line":69,"column":8},"end":{"line":69,"column":116}},"35":{"start":{"line":71,"column":4},"end":{"line":73,"column":5}},"36":{"start":{"line":72,"column":8},"end":{"line":72,"column":124}},"37":{"start":{"line":74,"column":4},"end":{"line":74,"column":16}},"38":{"start":{"line":75,"column":4},"end":{"line":75,"column":16}},"39":{"start":{"line":76,"column":4},"end":{"line":76,"column":14}},"40":{"start":{"line":77,"column":4},"end":{"line":82,"column":37}},"41":{"start":{"line":78,"column":8},"end":{"line":81,"column":9}},"42":{"start":{"line":79,"column":12},"end":{"line":79,"column":30}},"43":{"start":{"line":80,"column":12},"end":{"line":80,"column":65}},"44":{"start":{"line":82,"column":16},"end":{"line":82,"column":34}},"45":{"start":{"line":83,"column":4},"end":{"line":99,"column":6}},"46":{"start":{"line":84,"column":8},"end":{"line":84,"column":34}},"47":{"start":{"line":85,"column":8},"end":{"line":87,"column":9}},"48":{"start":{"line":86,"column":12},"end":{"line":86,"column":23}},"49":{"start":{"line":88,"column":8},"end":{"line":97,"column":9}},"50":{"start":{"line":89,"column":12},"end":{"line":89,"column":37}},"51":{"start":{"line":90,"column":12},"end":{"line":92,"column":13}},"52":{"start":{"line":91,"column":16},"end":{"line":91,"column":164}},"53":{"start":{"line":93,"column":12},"end":{"line":93,"column":34}},"54":{"start":{"line":94,"column":12},"end":{"line":96,"column":13}},"55":{"start":{"line":95,"column":16},"end":{"line":95,"column":56}},"56":{"start":{"line":98,"column":8},"end":{"line":98,"column":21}},"57":{"start":{"line":100,"column":4},"end":{"line":103,"column":6}},"58":{"start":{"line":101,"column":8},"end":{"line":101,"column":19}},"59":{"start":{"line":102,"column":8},"end":{"line":102,"column":28}},"60":{"start":{"line":104,"column":4},"end":{"line":104,"column":17}},"61":{"start":{"line":112,"column":0},"end":{"line":162,"column":2}},"62":{"start":{"line":113,"column":4},"end":{"line":115,"column":5}},"63":{"start":{"line":114,"column":8},"end":{"line":114,"column":104}},"64":{"start":{"line":116,"column":4},"end":{"line":118,"column":5}},"65":{"start":{"line":117,"column":8},"end":{"line":117,"column":113}},"66":{"start":{"line":119,"column":4},"end":{"line":121,"column":5}},"67":{"start":{"line":120,"column":8},"end":{"line":120,"column":119}},"68":{"start":{"line":122,"column":4},"end":{"line":122,"column":16}},"69":{"start":{"line":123,"column":4},"end":{"line":123,"column":25}},"70":{"start":{"line":124,"column":4},"end":{"line":124,"column":16}},"71":{"start":{"line":125,"column":4},"end":{"line":132,"column":6}},"72":{"start":{"line":126,"column":8},"end":{"line":129,"column":9}},"73":{"start":{"line":127,"column":12},"end":{"line":127,"column":28}},"74":{"start":{"line":128,"column":12},"end":{"line":128,"column":49}},"75":{"start":{"line":131,"column":8},"end":{"line":131,"column":24}},"76":{"start":{"line":133,"column":4},"end":{"line":154,"column":6}},"77":{"start":{"line":134,"column":8},"end":{"line":134,"column":34}},"78":{"start":{"line":135,"column":8},"end":{"line":137,"column":9}},"79":{"start":{"line":136,"column":12},"end":{"line":136,"column":60}},"80":{"start":{"line":138,"column":8},"end":{"line":138,"column":25}},"81":{"start":{"line":139,"column":8},"end":{"line":139,"column":42}},"82":{"start":{"line":140,"column":8},"end":{"line":142,"column":9}},"83":{"start":{"line":141,"column":12},"end":{"line":141,"column":163}},"84":{"start":{"line":143,"column":8},"end":{"line":152,"column":9}},"85":{"start":{"line":144,"column":12},"end":{"line":150,"column":15}},"86":{"start":{"line":145,"column":16},"end":{"line":149,"column":17}},"87":{"start":{"line":146,"column":20},"end":{"line":148,"column":28}},"88":{"start":{"line":147,"column":24},"end":{"line":147,"column":42}},"89":{"start":{"line":151,"column":12},"end":{"line":151,"column":52}},"90":{"start":{"line":151,"column":30},"end":{"line":151,"column":48}},"91":{"start":{"line":153,"column":8},"end":{"line":153,"column":19}},"92":{"start":{"line":155,"column":4},"end":{"line":160,"column":6}},"93":{"start":{"line":156,"column":8},"end":{"line":159,"column":9}},"94":{"start":{"line":157,"column":12},"end":{"line":157,"column":30}},"95":{"start":{"line":158,"column":12},"end":{"line":158,"column":32}},"96":{"start":{"line":161,"column":4},"end":{"line":161,"column":17}},"97":{"start":{"line":164,"column":0},"end":{"line":164,"column":18}},"98":{"start":{"line":165,"column":0},"end":{"line":169,"column":42}},"99":{"start":{"line":166,"column":4},"end":{"line":166,"column":63}},"100":{"start":{"line":167,"column":4},"end":{"line":167,"column":60}},"101":{"start":{"line":168,"column":4},"end":{"line":168,"column":64}},"102":{"start":{"line":174,"column":0},"end":{"line":192,"column":1}},"103":{"start":{"line":175,"column":4},"end":{"line":177,"column":6}},"104":{"start":{"line":178,"column":4},"end":{"line":190,"column":7}},"105":{"start":{"line":179,"column":8},"end":{"line":189,"column":11}},"106":{"start":{"line":180,"column":12},"end":{"line":183,"column":13}},"107":{"start":{"line":181,"column":16},"end":{"line":181,"column":31}},"108":{"start":{"line":182,"column":16},"end":{"line":182,"column":59}},"109":{"start":{"line":185,"column":12},"end":{"line":188,"column":13}},"110":{"start":{"line":186,"column":16},"end":{"line":186,"column":31}},"111":{"start":{"line":187,"column":16},"end":{"line":187,"column":58}},"112":{"start":{"line":191,"column":4},"end":{"line":191,"column":21}},"113":{"start":{"line":197,"column":0},"end":{"line":281,"column":1}},"114":{"start":{"line":198,"column":4},"end":{"line":200,"column":5}},"115":{"start":{"line":199,"column":8},"end":{"line":199,"column":102}},"116":{"start":{"line":201,"column":4},"end":{"line":203,"column":5}},"117":{"start":{"line":202,"column":8},"end":{"line":202,"column":109}},"118":{"start":{"line":204,"column":4},"end":{"line":204,"column":47}},"119":{"start":{"line":205,"column":4},"end":{"line":207,"column":5}},"120":{"start":{"line":206,"column":8},"end":{"line":206,"column":132}},"121":{"start":{"line":208,"column":4},"end":{"line":210,"column":5}},"122":{"start":{"line":209,"column":8},"end":{"line":209,"column":131}},"123":{"start":{"line":211,"column":4},"end":{"line":211,"column":16}},"124":{"start":{"line":212,"column":4},"end":{"line":212,"column":29}},"125":{"start":{"line":213,"column":4},"end":{"line":213,"column":21}},"126":{"start":{"line":214,"column":4},"end":{"line":214,"column":16}},"127":{"start":{"line":215,"column":4},"end":{"line":215,"column":25}},"128":{"start":{"line":216,"column":4},"end":{"line":216,"column":32}},"129":{"start":{"line":217,"column":4},"end":{"line":280,"column":6}},"130":{"start":{"line":218,"column":8},"end":{"line":218,"column":34}},"131":{"start":{"line":219,"column":8},"end":{"line":219,"column":46}},"132":{"start":{"line":220,"column":8},"end":{"line":220,"column":141}},"133":{"start":{"line":222,"column":8},"end":{"line":224,"column":9}},"134":{"start":{"line":223,"column":12},"end":{"line":223,"column":42}},"135":{"start":{"line":226,"column":8},"end":{"line":228,"column":9}},"136":{"start":{"line":227,"column":12},"end":{"line":227,"column":66}},"137":{"start":{"line":230,"column":8},"end":{"line":242,"column":9}},"138":{"start":{"line":231,"column":12},"end":{"line":234,"column":13}},"139":{"start":{"line":232,"column":16},"end":{"line":232,"column":38}},"140":{"start":{"line":233,"column":16},"end":{"line":233,"column":41}},"141":{"start":{"line":236,"column":12},"end":{"line":241,"column":15}},"142":{"start":{"line":237,"column":16},"end":{"line":239,"column":17}},"143":{"start":{"line":238,"column":20},"end":{"line":238,"column":58}},"144":{"start":{"line":240,"column":16},"end":{"line":240,"column":62}},"145":{"start":{"line":244,"column":8},"end":{"line":244,"column":25}},"146":{"start":{"line":245,"column":8},"end":{"line":251,"column":10}},"147":{"start":{"line":246,"column":12},"end":{"line":248,"column":13}},"148":{"start":{"line":247,"column":16},"end":{"line":247,"column":119}},"149":{"start":{"line":249,"column":12},"end":{"line":249,"column":35}},"150":{"start":{"line":250,"column":12},"end":{"line":250,"column":43}},"151":{"start":{"line":252,"column":8},"end":{"line":252,"column":81}},"152":{"start":{"line":252,"column":28},"end":{"line":252,"column":80}},"153":{"start":{"line":254,"column":8},"end":{"line":259,"column":9}},"154":{"start":{"line":255,"column":12},"end":{"line":257,"column":15}},"155":{"start":{"line":256,"column":16},"end":{"line":256,"column":40}},"156":{"start":{"line":258,"column":12},"end":{"line":258,"column":42}},"157":{"start":{"line":260,"column":8},"end":{"line":260,"column":23}},"158":{"start":{"line":261,"column":8},"end":{"line":261,"column":35}},"159":{"start":{"line":262,"column":8},"end":{"line":264,"column":9}},"160":{"start":{"line":263,"column":12},"end":{"line":263,"column":161}},"161":{"start":{"line":265,"column":8},"end":{"line":265,"column":54}},"162":{"start":{"line":266,"column":8},"end":{"line":278,"column":11}},"163":{"start":{"line":267,"column":12},"end":{"line":267,"column":27}},"164":{"start":{"line":268,"column":12},"end":{"line":273,"column":13}},"165":{"start":{"line":269,"column":16},"end":{"line":269,"column":69}},"166":{"start":{"line":270,"column":16},"end":{"line":272,"column":17}},"167":{"start":{"line":271,"column":20},"end":{"line":271,"column":54}},"168":{"start":{"line":274,"column":12},"end":{"line":277,"column":13}},"169":{"start":{"line":275,"column":16},"end":{"line":275,"column":88}},"170":{"start":{"line":276,"column":16},"end":{"line":276,"column":36}},"171":{"start":{"line":279,"column":8},"end":{"line":279,"column":36}},"172":{"start":{"line":283,"column":0},"end":{"line":287,"column":2}},"173":{"start":{"line":284,"column":4},"end":{"line":286,"column":5}},"174":{"start":{"line":285,"column":8},"end":{"line":285,"column":121}},"175":{"start":{"line":288,"column":0},"end":{"line":353,"column":2}},"176":{"start":{"line":289,"column":4},"end":{"line":291,"column":5}},"177":{"start":{"line":290,"column":8},"end":{"line":290,"column":103}},"178":{"start":{"line":292,"column":4},"end":{"line":294,"column":5}},"179":{"start":{"line":293,"column":8},"end":{"line":293,"column":101}},"180":{"start":{"line":295,"column":4},"end":{"line":295,"column":55}},"181":{"start":{"line":296,"column":4},"end":{"line":298,"column":5}},"182":{"start":{"line":297,"column":8},"end":{"line":297,"column":143}},"183":{"start":{"line":299,"column":4},"end":{"line":299,"column":36}},"184":{"start":{"line":300,"column":4},"end":{"line":300,"column":36}},"185":{"start":{"line":301,"column":4},"end":{"line":303,"column":5}},"186":{"start":{"line":302,"column":8},"end":{"line":302,"column":126}},"187":{"start":{"line":304,"column":4},"end":{"line":304,"column":26}},"188":{"start":{"line":305,"column":4},"end":{"line":305,"column":16}},"189":{"start":{"line":306,"column":4},"end":{"line":306,"column":17}},"190":{"start":{"line":307,"column":4},"end":{"line":307,"column":24}},"191":{"start":{"line":308,"column":4},"end":{"line":308,"column":24}},"192":{"start":{"line":309,"column":4},"end":{"line":332,"column":6}},"193":{"start":{"line":310,"column":8},"end":{"line":310,"column":25}},"194":{"start":{"line":311,"column":8},"end":{"line":311,"column":34}},"195":{"start":{"line":312,"column":8},"end":{"line":320,"column":9}},"196":{"start":{"line":313,"column":12},"end":{"line":313,"column":34}},"197":{"start":{"line":315,"column":12},"end":{"line":315,"column":38}},"198":{"start":{"line":316,"column":12},"end":{"line":319,"column":13}},"199":{"start":{"line":317,"column":16},"end":{"line":317,"column":33}},"200":{"start":{"line":318,"column":16},"end":{"line":318,"column":23}},"201":{"start":{"line":322,"column":8},"end":{"line":324,"column":9}},"202":{"start":{"line":323,"column":12},"end":{"line":323,"column":65}},"203":{"start":{"line":326,"column":8},"end":{"line":331,"column":9}},"204":{"start":{"line":327,"column":12},"end":{"line":329,"column":13}},"205":{"start":{"line":328,"column":16},"end":{"line":328,"column":44}},"206":{"start":{"line":330,"column":12},"end":{"line":330,"column":65}},"207":{"start":{"line":333,"column":4},"end":{"line":351,"column":6}},"208":{"start":{"line":334,"column":8},"end":{"line":336,"column":9}},"209":{"start":{"line":335,"column":12},"end":{"line":335,"column":19}},"210":{"start":{"line":337,"column":8},"end":{"line":340,"column":9}},"211":{"start":{"line":338,"column":12},"end":{"line":338,"column":40}},"212":{"start":{"line":339,"column":12},"end":{"line":339,"column":40}},"213":{"start":{"line":341,"column":8},"end":{"line":344,"column":9}},"214":{"start":{"line":342,"column":12},"end":{"line":342,"column":40}},"215":{"start":{"line":343,"column":12},"end":{"line":343,"column":40}},"216":{"start":{"line":345,"column":8},"end":{"line":347,"column":9}},"217":{"start":{"line":346,"column":12},"end":{"line":346,"column":19}},"218":{"start":{"line":348,"column":8},"end":{"line":348,"column":30}},"219":{"start":{"line":349,"column":8},"end":{"line":349,"column":17}},"220":{"start":{"line":350,"column":8},"end":{"line":350,"column":42}},"221":{"start":{"line":352,"column":4},"end":{"line":352,"column":21}},"222":{"start":{"line":355,"column":0},"end":{"line":355,"column":18}},"223":{"start":{"line":356,"column":0},"end":{"line":361,"column":42}},"224":{"start":{"line":357,"column":4},"end":{"line":357,"column":54}},"225":{"start":{"line":358,"column":4},"end":{"line":358,"column":62}},"226":{"start":{"line":359,"column":4},"end":{"line":359,"column":56}},"227":{"start":{"line":360,"column":4},"end":{"line":360,"column":62}},"228":{"start":{"line":362,"column":0},"end":{"line":362,"column":23}},"229":{"start":{"line":369,"column":0},"end":{"line":436,"column":2}},"230":{"start":{"line":370,"column":4},"end":{"line":372,"column":5}},"231":{"start":{"line":371,"column":8},"end":{"line":371,"column":103}},"232":{"start":{"line":373,"column":4},"end":{"line":375,"column":5}},"233":{"start":{"line":374,"column":8},"end":{"line":374,"column":101}},"234":{"start":{"line":376,"column":4},"end":{"line":376,"column":16}},"235":{"start":{"line":377,"column":4},"end":{"line":377,"column":36}},"236":{"start":{"line":378,"column":4},"end":{"line":394,"column":6}},"237":{"start":{"line":379,"column":8},"end":{"line":379,"column":40}},"238":{"start":{"line":380,"column":8},"end":{"line":380,"column":30}},"239":{"start":{"line":381,"column":8},"end":{"line":384,"column":9}},"240":{"start":{"line":382,"column":12},"end":{"line":382,"column":40}},"241":{"start":{"line":383,"column":12},"end":{"line":383,"column":162}},"242":{"start":{"line":385,"column":8},"end":{"line":393,"column":11}},"243":{"start":{"line":386,"column":12},"end":{"line":392,"column":13}},"244":{"start":{"line":387,"column":16},"end":{"line":387,"column":45}},"245":{"start":{"line":388,"column":16},"end":{"line":388,"column":47}},"246":{"start":{"line":391,"column":16},"end":{"line":391,"column":44}},"247":{"start":{"line":395,"column":4},"end":{"line":395,"column":12}},"248":{"start":{"line":396,"column":4},"end":{"line":435,"column":6}},"249":{"start":{"line":398,"column":12},"end":{"line":404,"column":13}},"250":{"start":{"line":399,"column":16},"end":{"line":399,"column":36}},"251":{"start":{"line":400,"column":16},"end":{"line":400,"column":44}},"252":{"start":{"line":402,"column":17},"end":{"line":404,"column":13}},"253":{"start":{"line":403,"column":16},"end":{"line":403,"column":48}},"254":{"start":{"line":407,"column":12},"end":{"line":412,"column":13}},"255":{"start":{"line":408,"column":16},"end":{"line":408,"column":24}},"256":{"start":{"line":410,"column":17},"end":{"line":412,"column":13}},"257":{"start":{"line":411,"column":16},"end":{"line":411,"column":48}},"258":{"start":{"line":415,"column":12},"end":{"line":420,"column":13}},"259":{"start":{"line":416,"column":16},"end":{"line":418,"column":17}},"260":{"start":{"line":417,"column":20},"end":{"line":417,"column":115}},"261":{"start":{"line":419,"column":16},"end":{"line":419,"column":29}},"262":{"start":{"line":421,"column":12},"end":{"line":433,"column":13}},"263":{"start":{"line":423,"column":20},"end":{"line":423,"column":40}},"264":{"start":{"line":424,"column":20},"end":{"line":424,"column":48}},"265":{"start":{"line":425,"column":20},"end":{"line":425,"column":28}},"266":{"start":{"line":426,"column":20},"end":{"line":426,"column":26}},"267":{"start":{"line":428,"column":20},"end":{"line":428,"column":52}},"268":{"start":{"line":429,"column":20},"end":{"line":429,"column":26}},"269":{"start":{"line":431,"column":20},"end":{"line":431,"column":28}},"270":{"start":{"line":432,"column":20},"end":{"line":432,"column":26}},"271":{"start":{"line":438,"column":0},"end":{"line":438,"column":22}},"272":{"start":{"line":439,"column":0},"end":{"line":439,"column":28}},"273":{"start":{"line":440,"column":0},"end":{"line":440,"column":24}},"274":{"start":{"line":441,"column":0},"end":{"line":441,"column":26}},"275":{"start":{"line":442,"column":0},"end":{"line":442,"column":26}}},"branchMap":{"1":{"line":16,"type":"if","locations":[{"start":{"line":16,"column":4},"end":{"line":16,"column":4}},{"start":{"line":16,"column":4},"end":{"line":16,"column":4}}]},"2":{"line":19,"type":"if","locations":[{"start":{"line":19,"column":4},"end":{"line":19,"column":4}},{"start":{"line":19,"column":4},"end":{"line":19,"column":4}}]},"3":{"line":22,"type":"if","locations":[{"start":{"line":22,"column":4},"end":{"line":22,"column":4}},{"start":{"line":22,"column":4},"end":{"line":22,"column":4}}]},"4":{"line":26,"type":"if","locations":[{"start":{"line":26,"column":12},"end":{"line":26,"column":12}},{"start":{"line":26,"column":12},"end":{"line":26,"column":12}}]},"5":{"line":36,"type":"switch","locations":[{"start":{"line":37,"column":8},"end":{"line":38,"column":18}},{"start":{"line":39,"column":8},"end":{"line":41,"column":18}},{"start":{"line":42,"column":8},"end":{"line":43,"column":34}}]},"6":{"line":51,"type":"binary-expr","locations":[{"start":{"line":51,"column":11},"end":{"line":51,"column":38}},{"start":{"line":52,"column":11},"end":{"line":52,"column":45}},{"start":{"line":53,"column":15},"end":{"line":53,"column":45}},{"start":{"line":54,"column":15},"end":{"line":54,"column":46}},{"start":{"line":55,"column":15},"end":{"line":55,"column":60}},{"start":{"line":56,"column":15},"end":{"line":56,"column":59}}]},"7":{"line":65,"type":"if","locations":[{"start":{"line":65,"column":4},"end":{"line":65,"column":4}},{"start":{"line":65,"column":4},"end":{"line":65,"column":4}}]},"8":{"line":68,"type":"if","locations":[{"start":{"line":68,"column":4},"end":{"line":68,"column":4}},{"start":{"line":68,"column":4},"end":{"line":68,"column":4}}]},"9":{"line":68,"type":"binary-expr","locations":[{"start":{"line":68,"column":8},"end":{"line":68,"column":31}},{"start":{"line":68,"column":36},"end":{"line":68,"column":64}},{"start":{"line":68,"column":68},"end":{"line":68,"column":81}}]},"10":{"line":71,"type":"if","locations":[{"start":{"line":71,"column":4},"end":{"line":71,"column":4}},{"start":{"line":71,"column":4},"end":{"line":71,"column":4}}]},"11":{"line":71,"type":"binary-expr","locations":[{"start":{"line":71,"column":8},"end":{"line":71,"column":39}},{"start":{"line":71,"column":43},"end":{"line":71,"column":82}}]},"12":{"line":77,"type":"cond-expr","locations":[{"start":{"line":77,"column":41},"end":{"line":82,"column":5}},{"start":{"line":82,"column":8},"end":{"line":82,"column":36}}]},"13":{"line":78,"type":"if","locations":[{"start":{"line":78,"column":8},"end":{"line":78,"column":8}},{"start":{"line":78,"column":8},"end":{"line":78,"column":8}}]},"14":{"line":80,"type":"binary-expr","locations":[{"start":{"line":80,"column":12},"end":{"line":80,"column":29}},{"start":{"line":80,"column":33},"end":{"line":80,"column":64}}]},"15":{"line":84,"type":"binary-expr","locations":[{"start":{"line":84,"column":18},"end":{"line":84,"column":25}},{"start":{"line":84,"column":29},"end":{"line":84,"column":33}}]},"16":{"line":85,"type":"if","locations":[{"start":{"line":85,"column":8},"end":{"line":85,"column":8}},{"start":{"line":85,"column":8},"end":{"line":85,"column":8}}]},"17":{"line":88,"type":"if","locations":[{"start":{"line":88,"column":8},"end":{"line":88,"column":8}},{"start":{"line":88,"column":8},"end":{"line":88,"column":8}}]},"18":{"line":90,"type":"if","locations":[{"start":{"line":90,"column":12},"end":{"line":90,"column":12}},{"start":{"line":90,"column":12},"end":{"line":90,"column":12}}]},"19":{"line":94,"type":"if","locations":[{"start":{"line":94,"column":12},"end":{"line":94,"column":12}},{"start":{"line":94,"column":12},"end":{"line":94,"column":12}}]},"20":{"line":113,"type":"if","locations":[{"start":{"line":113,"column":4},"end":{"line":113,"column":4}},{"start":{"line":113,"column":4},"end":{"line":113,"column":4}}]},"21":{"line":116,"type":"if","locations":[{"start":{"line":116,"column":4},"end":{"line":116,"column":4}},{"start":{"line":116,"column":4},"end":{"line":116,"column":4}}]},"22":{"line":116,"type":"binary-expr","locations":[{"start":{"line":116,"column":8},"end":{"line":116,"column":34}},{"start":{"line":116,"column":38},"end":{"line":116,"column":72}}]},"23":{"line":119,"type":"if","locations":[{"start":{"line":119,"column":4},"end":{"line":119,"column":4}},{"start":{"line":119,"column":4},"end":{"line":119,"column":4}}]},"24":{"line":119,"type":"binary-expr","locations":[{"start":{"line":119,"column":8},"end":{"line":119,"column":25}},{"start":{"line":119,"column":30},"end":{"line":119,"column":52}},{"start":{"line":119,"column":56},"end":{"line":119,"column":63}}]},"25":{"line":125,"type":"cond-expr","locations":[{"start":{"line":125,"column":38},"end":{"line":130,"column":5}},{"start":{"line":130,"column":8},"end":{"line":132,"column":5}}]},"26":{"line":126,"type":"if","locations":[{"start":{"line":126,"column":8},"end":{"line":126,"column":8}},{"start":{"line":126,"column":8},"end":{"line":126,"column":8}}]},"27":{"line":134,"type":"binary-expr","locations":[{"start":{"line":134,"column":18},"end":{"line":134,"column":25}},{"start":{"line":134,"column":29},"end":{"line":134,"column":33}}]},"28":{"line":135,"type":"if","locations":[{"start":{"line":135,"column":8},"end":{"line":135,"column":8}},{"start":{"line":135,"column":8},"end":{"line":135,"column":8}}]},"29":{"line":140,"type":"if","locations":[{"start":{"line":140,"column":8},"end":{"line":140,"column":8}},{"start":{"line":140,"column":8},"end":{"line":140,"column":8}}]},"30":{"line":143,"type":"if","locations":[{"start":{"line":143,"column":8},"end":{"line":143,"column":8}},{"start":{"line":143,"column":8},"end":{"line":143,"column":8}}]},"31":{"line":145,"type":"if","locations":[{"start":{"line":145,"column":16},"end":{"line":145,"column":16}},{"start":{"line":145,"column":16},"end":{"line":145,"column":16}}]},"32":{"line":156,"type":"if","locations":[{"start":{"line":156,"column":8},"end":{"line":156,"column":8}},{"start":{"line":156,"column":8},"end":{"line":156,"column":8}}]},"33":{"line":169,"type":"binary-expr","locations":[{"start":{"line":169,"column":3},"end":{"line":169,"column":16}},{"start":{"line":169,"column":21},"end":{"line":169,"column":39}}]},"34":{"line":180,"type":"if","locations":[{"start":{"line":180,"column":12},"end":{"line":180,"column":12}},{"start":{"line":180,"column":12},"end":{"line":180,"column":12}}]},"35":{"line":185,"type":"if","locations":[{"start":{"line":185,"column":12},"end":{"line":185,"column":12}},{"start":{"line":185,"column":12},"end":{"line":185,"column":12}}]},"36":{"line":198,"type":"if","locations":[{"start":{"line":198,"column":4},"end":{"line":198,"column":4}},{"start":{"line":198,"column":4},"end":{"line":198,"column":4}}]},"37":{"line":201,"type":"if","locations":[{"start":{"line":201,"column":4},"end":{"line":201,"column":4}},{"start":{"line":201,"column":4},"end":{"line":201,"column":4}}]},"38":{"line":205,"type":"if","locations":[{"start":{"line":205,"column":4},"end":{"line":205,"column":4}},{"start":{"line":205,"column":4},"end":{"line":205,"column":4}}]},"39":{"line":205,"type":"binary-expr","locations":[{"start":{"line":205,"column":8},"end":{"line":205,"column":31}},{"start":{"line":205,"column":36},"end":{"line":205,"column":64}},{"start":{"line":205,"column":68},"end":{"line":205,"column":81}}]},"40":{"line":208,"type":"if","locations":[{"start":{"line":208,"column":4},"end":{"line":208,"column":4}},{"start":{"line":208,"column":4},"end":{"line":208,"column":4}}]},"41":{"line":208,"type":"binary-expr","locations":[{"start":{"line":208,"column":8},"end":{"line":208,"column":35}},{"start":{"line":208,"column":39},"end":{"line":208,"column":51}}]},"42":{"line":218,"type":"binary-expr","locations":[{"start":{"line":218,"column":18},"end":{"line":218,"column":25}},{"start":{"line":218,"column":29},"end":{"line":218,"column":33}}]},"43":{"line":220,"type":"binary-expr","locations":[{"start":{"line":220,"column":29},"end":{"line":220,"column":52}},{"start":{"line":220,"column":57},"end":{"line":220,"column":83}},{"start":{"line":220,"column":87},"end":{"line":220,"column":113}},{"start":{"line":220,"column":117},"end":{"line":220,"column":139}}]},"44":{"line":222,"type":"if","locations":[{"start":{"line":222,"column":8},"end":{"line":222,"column":8}},{"start":{"line":222,"column":8},"end":{"line":222,"column":8}}]},"45":{"line":222,"type":"binary-expr","locations":[{"start":{"line":222,"column":12},"end":{"line":222,"column":24}},{"start":{"line":222,"column":28},"end":{"line":222,"column":48}}]},"46":{"line":226,"type":"if","locations":[{"start":{"line":226,"column":8},"end":{"line":226,"column":8}},{"start":{"line":226,"column":8},"end":{"line":226,"column":8}}]},"47":{"line":226,"type":"binary-expr","locations":[{"start":{"line":226,"column":12},"end":{"line":226,"column":24}},{"start":{"line":226,"column":28},"end":{"line":226,"column":73}}]},"48":{"line":230,"type":"if","locations":[{"start":{"line":230,"column":8},"end":{"line":230,"column":8}},{"start":{"line":230,"column":8},"end":{"line":230,"column":8}}]},"49":{"line":231,"type":"if","locations":[{"start":{"line":231,"column":12},"end":{"line":231,"column":12}},{"start":{"line":231,"column":12},"end":{"line":231,"column":12}}]},"50":{"line":237,"type":"if","locations":[{"start":{"line":237,"column":16},"end":{"line":237,"column":16}},{"start":{"line":237,"column":16},"end":{"line":237,"column":16}}]},"51":{"line":246,"type":"if","locations":[{"start":{"line":246,"column":12},"end":{"line":246,"column":12}},{"start":{"line":246,"column":12},"end":{"line":246,"column":12}}]},"52":{"line":254,"type":"if","locations":[{"start":{"line":254,"column":8},"end":{"line":254,"column":8}},{"start":{"line":254,"column":8},"end":{"line":254,"column":8}}]},"53":{"line":262,"type":"if","locations":[{"start":{"line":262,"column":8},"end":{"line":262,"column":8}},{"start":{"line":262,"column":8},"end":{"line":262,"column":8}}]},"54":{"line":268,"type":"if","locations":[{"start":{"line":268,"column":12},"end":{"line":268,"column":12}},{"start":{"line":268,"column":12},"end":{"line":268,"column":12}}]},"55":{"line":270,"type":"if","locations":[{"start":{"line":270,"column":16},"end":{"line":270,"column":16}},{"start":{"line":270,"column":16},"end":{"line":270,"column":16}}]},"56":{"line":274,"type":"if","locations":[{"start":{"line":274,"column":12},"end":{"line":274,"column":12}},{"start":{"line":274,"column":12},"end":{"line":274,"column":12}}]},"57":{"line":284,"type":"if","locations":[{"start":{"line":284,"column":4},"end":{"line":284,"column":4}},{"start":{"line":284,"column":4},"end":{"line":284,"column":4}}]},"58":{"line":284,"type":"binary-expr","locations":[{"start":{"line":284,"column":8},"end":{"line":284,"column":26}},{"start":{"line":284,"column":31},"end":{"line":284,"column":54}},{"start":{"line":284,"column":58},"end":{"line":284,"column":66}}]},"59":{"line":289,"type":"if","locations":[{"start":{"line":289,"column":4},"end":{"line":289,"column":4}},{"start":{"line":289,"column":4},"end":{"line":289,"column":4}}]},"60":{"line":292,"type":"if","locations":[{"start":{"line":292,"column":4},"end":{"line":292,"column":4}},{"start":{"line":292,"column":4},"end":{"line":292,"column":4}}]},"61":{"line":296,"type":"if","locations":[{"start":{"line":296,"column":4},"end":{"line":296,"column":4}},{"start":{"line":296,"column":4},"end":{"line":296,"column":4}}]},"62":{"line":296,"type":"binary-expr","locations":[{"start":{"line":296,"column":8},"end":{"line":296,"column":30}},{"start":{"line":296,"column":34},"end":{"line":296,"column":56}},{"start":{"line":296,"column":60},"end":{"line":296,"column":82}}]},"63":{"line":301,"type":"if","locations":[{"start":{"line":301,"column":4},"end":{"line":301,"column":4}},{"start":{"line":301,"column":4},"end":{"line":301,"column":4}}]},"64":{"line":301,"type":"binary-expr","locations":[{"start":{"line":301,"column":8},"end":{"line":301,"column":30}},{"start":{"line":301,"column":35},"end":{"line":301,"column":62}},{"start":{"line":301,"column":66},"end":{"line":301,"column":78}}]},"65":{"line":311,"type":"binary-expr","locations":[{"start":{"line":311,"column":18},"end":{"line":311,"column":25}},{"start":{"line":311,"column":29},"end":{"line":311,"column":33}}]},"66":{"line":312,"type":"if","locations":[{"start":{"line":312,"column":8},"end":{"line":312,"column":8}},{"start":{"line":312,"column":8},"end":{"line":312,"column":8}}]},"67":{"line":316,"type":"if","locations":[{"start":{"line":316,"column":12},"end":{"line":316,"column":12}},{"start":{"line":316,"column":12},"end":{"line":316,"column":12}}]},"68":{"line":316,"type":"binary-expr","locations":[{"start":{"line":316,"column":16},"end":{"line":316,"column":24}},{"start":{"line":316,"column":28},"end":{"line":316,"column":46}}]},"69":{"line":322,"type":"if","locations":[{"start":{"line":322,"column":8},"end":{"line":322,"column":8}},{"start":{"line":322,"column":8},"end":{"line":322,"column":8}}]},"70":{"line":322,"type":"binary-expr","locations":[{"start":{"line":322,"column":12},"end":{"line":322,"column":34}},{"start":{"line":322,"column":38},"end":{"line":322,"column":67}}]},"71":{"line":326,"type":"if","locations":[{"start":{"line":326,"column":8},"end":{"line":326,"column":8}},{"start":{"line":326,"column":8},"end":{"line":326,"column":8}}]},"72":{"line":327,"type":"if","locations":[{"start":{"line":327,"column":12},"end":{"line":327,"column":12}},{"start":{"line":327,"column":12},"end":{"line":327,"column":12}}]},"73":{"line":334,"type":"if","locations":[{"start":{"line":334,"column":8},"end":{"line":334,"column":8}},{"start":{"line":334,"column":8},"end":{"line":334,"column":8}}]},"74":{"line":337,"type":"if","locations":[{"start":{"line":337,"column":8},"end":{"line":337,"column":8}},{"start":{"line":337,"column":8},"end":{"line":337,"column":8}}]},"75":{"line":341,"type":"if","locations":[{"start":{"line":341,"column":8},"end":{"line":341,"column":8}},{"start":{"line":341,"column":8},"end":{"line":341,"column":8}}]},"76":{"line":345,"type":"if","locations":[{"start":{"line":345,"column":8},"end":{"line":345,"column":8}},{"start":{"line":345,"column":8},"end":{"line":345,"column":8}}]},"77":{"line":361,"type":"binary-expr","locations":[{"start":{"line":361,"column":3},"end":{"line":361,"column":16}},{"start":{"line":361,"column":21},"end":{"line":361,"column":39}}]},"78":{"line":370,"type":"if","locations":[{"start":{"line":370,"column":4},"end":{"line":370,"column":4}},{"start":{"line":370,"column":4},"end":{"line":370,"column":4}}]},"79":{"line":373,"type":"if","locations":[{"start":{"line":373,"column":4},"end":{"line":373,"column":4}},{"start":{"line":373,"column":4},"end":{"line":373,"column":4}}]},"80":{"line":373,"type":"binary-expr","locations":[{"start":{"line":373,"column":8},"end":{"line":373,"column":30}},{"start":{"line":373,"column":34},"end":{"line":373,"column":41}}]},"81":{"line":381,"type":"if","locations":[{"start":{"line":381,"column":8},"end":{"line":381,"column":8}},{"start":{"line":381,"column":8},"end":{"line":381,"column":8}}]},"82":{"line":386,"type":"if","locations":[{"start":{"line":386,"column":12},"end":{"line":386,"column":12}},{"start":{"line":386,"column":12},"end":{"line":386,"column":12}}]},"83":{"line":398,"type":"if","locations":[{"start":{"line":398,"column":12},"end":{"line":398,"column":12}},{"start":{"line":398,"column":12},"end":{"line":398,"column":12}}]},"84":{"line":402,"type":"if","locations":[{"start":{"line":402,"column":17},"end":{"line":402,"column":17}},{"start":{"line":402,"column":17},"end":{"line":402,"column":17}}]},"85":{"line":407,"type":"if","locations":[{"start":{"line":407,"column":12},"end":{"line":407,"column":12}},{"start":{"line":407,"column":12},"end":{"line":407,"column":12}}]},"86":{"line":410,"type":"if","locations":[{"start":{"line":410,"column":17},"end":{"line":410,"column":17}},{"start":{"line":410,"column":17},"end":{"line":410,"column":17}}]},"87":{"line":415,"type":"if","locations":[{"start":{"line":415,"column":12},"end":{"line":415,"column":12}},{"start":{"line":415,"column":12},"end":{"line":415,"column":12}}]},"88":{"line":416,"type":"if","locations":[{"start":{"line":416,"column":16},"end":{"line":416,"column":16}},{"start":{"line":416,"column":16},"end":{"line":416,"column":16}}]},"89":{"line":416,"type":"binary-expr","locations":[{"start":{"line":416,"column":20},"end":{"line":416,"column":45}},{"start":{"line":416,"column":49},"end":{"line":416,"column":59}}]},"90":{"line":421,"type":"switch","locations":[{"start":{"line":422,"column":16},"end":{"line":426,"column":26}},{"start":{"line":427,"column":16},"end":{"line":429,"column":26}},{"start":{"line":430,"column":16},"end":{"line":432,"column":26}}]}}}}