TN:
SF:/Volumes/Dev/code/req-helper/dist/req-helper.cjs.js
FN:15,setDelay
FN:35,clearDelay
FN:46,getType
FN:49,isPromise
FN:83,(anonymous_5)
FN:133,(anonymous_6)
FN:165,(anonymous_7)
FN:174,generateProxyPromise
FN:197,latest
FN:217,proxy
FN:309,(anonymous_11)
FN:356,(anonymous_12)
FN:397,(anonymous_13)
FN:406,(anonymous_14)
FN:414,(anonymous_15)
FNF:15
FNH:15
FNDA:39,setDelay
FNDA:15,clearDelay
FNDA:79,getType
FNDA:75,isPromise
FNDA:27,(anonymous_5)
FNDA:15,(anonymous_6)
FNDA:1,(anonymous_7)
FNDA:21,generateProxyPromise
FNDA:30,latest
FNDA:30,proxy
FNDA:10,(anonymous_11)
FNDA:1,(anonymous_12)
FNDA:12,(anonymous_13)
FNDA:2,(anonymous_14)
FNDA:7,(anonymous_15)
DA:10,1
DA:12,1
DA:13,1
DA:14,1
DA:15,1
DA:16,39
DA:17,0
DA:19,39
DA:20,0
DA:22,39
DA:23,9
DA:24,9
DA:25,9
DA:26,9
DA:27,8
DA:28,8
DA:31,9
DA:33,30
DA:35,1
DA:36,15
DA:38,2
DA:40,1
DA:41,1
DA:43,12
DA:46,1
DA:47,79
DA:49,1
DA:50,75
DA:51,75
DA:64,1
DA:65,31
DA:66,4
DA:68,27
DA:69,4
DA:71,23
DA:72,4
DA:74,19
DA:75,19
DA:76,19
DA:77,19
DA:78,9
DA:79,9
DA:80,9
DA:82,11
DA:83,19
DA:84,27
DA:85,27
DA:86,1
DA:88,27
DA:89,24
DA:90,24
DA:91,1
DA:93,23
DA:94,23
DA:95,15
DA:98,26
DA:100,19
DA:101,3
DA:102,3
DA:104,19
DA:112,1
DA:113,21
DA:114,4
DA:116,17
DA:117,4
DA:119,13
DA:120,4
DA:122,9
DA:123,9
DA:124,9
DA:125,9
DA:126,14
DA:127,14
DA:128,14
DA:131,7
DA:133,9
DA:134,15
DA:135,15
DA:136,4
DA:138,11
DA:139,11
DA:140,11
DA:141,1
DA:143,10
DA:144,10
DA:145,9
DA:146,8
DA:147,7
DA:151,10
DA:153,10
DA:155,9
DA:156,2
DA:157,2
DA:158,2
DA:161,9
DA:164,1
DA:165,1
DA:166,1
DA:167,1
DA:168,1
DA:174,1
DA:175,21
DA:178,21
DA:179,21
DA:180,17
DA:181,11
DA:182,11
DA:185,13
DA:186,10
DA:187,10
DA:191,21
DA:197,1
DA:198,30
DA:199,4
DA:201,26
DA:202,2
DA:204,24
DA:205,23
DA:206,5
DA:208,18
DA:209,5
DA:211,13
DA:212,13
DA:213,13
DA:214,13
DA:215,13
DA:216,13
DA:217,13
DA:218,30
DA:219,30
DA:220,30
DA:222,30
DA:223,1
DA:226,29
DA:227,9
DA:230,29
DA:231,6
DA:232,3
DA:233,3
DA:236,6
DA:237,6
DA:238,2
DA:240,6
DA:244,23
DA:245,23
DA:246,7
DA:247,1
DA:249,6
DA:250,6
DA:252,23
DA:254,23
DA:255,4
DA:256,4
DA:258,4
DA:260,23
DA:261,23
DA:262,22
DA:263,1
DA:265,21
DA:266,21
DA:267,21
DA:268,21
DA:269,6
DA:270,6
DA:271,3
DA:274,21
DA:275,4
DA:276,4
DA:279,21
DA:283,1
DA:284,20
DA:285,4
DA:288,1
DA:289,19
DA:290,4
DA:292,15
DA:293,2
DA:295,13
DA:296,12
DA:297,1
DA:299,11
DA:300,9
DA:301,7
DA:302,2
DA:304,5
DA:305,5
DA:306,5
DA:307,5
DA:308,5
DA:309,5
DA:310,10
DA:311,10
DA:312,10
DA:313,10
DA:315,10
DA:316,10
DA:317,2
DA:318,2
DA:322,8
DA:323,2
DA:326,8
DA:327,4
DA:328,2
DA:330,4
DA:333,5
DA:334,8
DA:335,1
DA:337,7
DA:338,2
DA:339,2
DA:341,7
DA:342,2
DA:343,2
DA:345,7
DA:346,1
DA:348,6
DA:349,6
DA:350,6
DA:352,5
DA:355,1
DA:356,1
DA:357,1
DA:358,1
DA:359,1
DA:360,1
DA:362,1
DA:369,1
DA:370,18
DA:371,4
DA:373,14
DA:374,5
DA:376,9
DA:377,9
DA:378,9
DA:379,18
DA:380,18
DA:381,18
DA:382,1
DA:383,1
DA:385,17
DA:386,17
DA:387,10
DA:388,10
DA:391,7
DA:395,9
DA:396,8
DA:398,12
DA:399,3
DA:400,3
DA:402,9
DA:403,9
DA:407,2
DA:408,1
DA:410,1
DA:411,1
DA:415,7
DA:416,5
DA:417,4
DA:419,1
DA:421,3
DA:423,1
DA:424,1
DA:425,1
DA:426,1
DA:428,1
DA:429,1
DA:431,1
DA:432,1
DA:438,1
DA:439,1
DA:440,1
DA:441,1
DA:442,1
LF:273
LH:271
BRDA:16,1,0,0
BRDA:16,1,1,39
BRDA:19,2,0,0
BRDA:19,2,1,39
BRDA:22,3,0,9
BRDA:22,3,1,30
BRDA:26,4,0,8
BRDA:26,4,1,1
BRDA:36,5,0,2
BRDA:36,5,1,1
BRDA:36,5,2,12
BRDA:51,6,0,75
BRDA:51,6,1,4
BRDA:51,6,2,0
BRDA:51,6,3,0
BRDA:51,6,4,0
BRDA:51,6,5,0
BRDA:65,7,0,4
BRDA:65,7,1,27
BRDA:68,8,0,4
BRDA:68,8,1,23
BRDA:68,9,0,27
BRDA:68,9,1,20
BRDA:68,9,2,17
BRDA:71,10,0,4
BRDA:71,10,1,19
BRDA:71,11,0,23
BRDA:71,11,1,13
BRDA:77,12,0,9
BRDA:77,12,1,10
BRDA:78,13,0,9
BRDA:78,13,1,0
BRDA:80,14,0,9
BRDA:80,14,1,9
BRDA:84,15,0,27
BRDA:84,15,1,27
BRDA:85,16,0,1
BRDA:85,16,1,26
BRDA:88,17,0,24
BRDA:88,17,1,3
BRDA:90,18,0,1
BRDA:90,18,1,23
BRDA:94,19,0,15
BRDA:94,19,1,8
BRDA:113,20,0,4
BRDA:113,20,1,17
BRDA:116,21,0,4
BRDA:116,21,1,13
BRDA:116,22,0,17
BRDA:116,22,1,13
BRDA:119,23,0,4
BRDA:119,23,1,9
BRDA:119,24,0,13
BRDA:119,24,1,13
BRDA:119,24,2,10
BRDA:125,25,0,5
BRDA:125,25,1,4
BRDA:126,26,0,14
BRDA:126,26,1,0
BRDA:134,27,0,15
BRDA:134,27,1,13
BRDA:135,28,0,4
BRDA:135,28,1,11
BRDA:140,29,0,1
BRDA:140,29,1,10
BRDA:143,30,0,10
BRDA:143,30,1,0
BRDA:145,31,0,8
BRDA:145,31,1,1
BRDA:156,32,0,2
BRDA:156,32,1,0
BRDA:169,33,0,1
BRDA:169,33,1,1
BRDA:180,34,0,11
BRDA:180,34,1,6
BRDA:185,35,0,10
BRDA:185,35,1,3
BRDA:198,36,0,4
BRDA:198,36,1,26
BRDA:201,37,0,2
BRDA:201,37,1,24
BRDA:205,38,0,5
BRDA:205,38,1,18
BRDA:205,39,0,23
BRDA:205,39,1,8
BRDA:205,39,2,4
BRDA:208,40,0,5
BRDA:208,40,1,13
BRDA:208,41,0,18
BRDA:208,41,1,14
BRDA:218,42,0,30
BRDA:218,42,1,28
BRDA:220,43,0,30
BRDA:220,43,1,6
BRDA:220,43,2,2
BRDA:220,43,3,1
BRDA:222,44,0,1
BRDA:222,44,1,29
BRDA:222,45,0,30
BRDA:222,45,1,5
BRDA:226,46,0,9
BRDA:226,46,1,20
BRDA:226,47,0,29
BRDA:226,47,1,16
BRDA:230,48,0,6
BRDA:230,48,1,23
BRDA:231,49,0,3
BRDA:231,49,1,3
BRDA:237,50,0,2
BRDA:237,50,1,4
BRDA:246,51,0,1
BRDA:246,51,1,6
BRDA:254,52,0,4
BRDA:254,52,1,19
BRDA:262,53,0,1
BRDA:262,53,1,21
BRDA:268,54,0,6
BRDA:268,54,1,15
BRDA:270,55,0,3
BRDA:270,55,1,3
BRDA:274,56,0,4
BRDA:274,56,1,17
BRDA:284,57,0,4
BRDA:284,57,1,16
BRDA:284,58,0,20
BRDA:284,58,1,7
BRDA:284,58,2,4
BRDA:289,59,0,4
BRDA:289,59,1,15
BRDA:292,60,0,2
BRDA:292,60,1,13
BRDA:296,61,0,1
BRDA:296,61,1,11
BRDA:296,62,0,12
BRDA:296,62,1,9
BRDA:296,62,2,5
BRDA:301,63,0,2
BRDA:301,63,1,5
BRDA:301,64,0,7
BRDA:301,64,1,4
BRDA:301,64,2,3
BRDA:311,65,0,10
BRDA:311,65,1,10
BRDA:312,66,0,10
BRDA:312,66,1,0
BRDA:316,67,0,2
BRDA:316,67,1,8
BRDA:316,68,0,10
BRDA:316,68,1,4
BRDA:322,69,0,2
BRDA:322,69,1,6
BRDA:322,70,0,8
BRDA:322,70,1,2
BRDA:326,71,0,4
BRDA:326,71,1,4
BRDA:327,72,0,2
BRDA:327,72,1,2
BRDA:334,73,0,1
BRDA:334,73,1,7
BRDA:337,74,0,2
BRDA:337,74,1,5
BRDA:341,75,0,2
BRDA:341,75,1,5
BRDA:345,76,0,1
BRDA:345,76,1,6
BRDA:361,77,0,1
BRDA:361,77,1,1
BRDA:370,78,0,4
BRDA:370,78,1,14
BRDA:373,79,0,5
BRDA:373,79,1,9
BRDA:373,80,0,14
BRDA:373,80,1,11
BRDA:381,81,0,1
BRDA:381,81,1,17
BRDA:386,82,0,10
BRDA:386,82,1,7
BRDA:398,83,0,3
BRDA:398,83,1,9
BRDA:402,84,0,9
BRDA:402,84,1,0
BRDA:407,85,0,1
BRDA:407,85,1,1
BRDA:410,86,0,1
BRDA:410,86,1,0
BRDA:415,87,0,5
BRDA:415,87,1,2
BRDA:416,88,0,4
BRDA:416,88,1,1
BRDA:416,89,0,5
BRDA:416,89,1,2
BRDA:421,90,0,1
BRDA:421,90,1,1
BRDA:421,90,2,1
BRF:194
BRH:181
end_of_record
