TN:
SF:/Volumes/Dev/code/req-helper/dist/req-helper.cjs.js
FN:21,setDelay
FN:45,clearDelay
FN:56,getType
FN:59,isPromise
FN:109,(anonymous_5)
FN:178,(anonymous_6)
FN:213,(anonymous_7)
FN:242,latest
FN:262,proxy
FN:328,generateProxyPromise
FN:393,(anonymous_11)
FN:442,(anonymous_12)
FN:491,(anonymous_13)
FN:500,(anonymous_14)
FN:508,(anonymous_15)
FNF:15
FNH:15
FNDA:38,setDelay
FNDA:20,clearDelay
FNDA:78,getType
FNDA:74,isPromise
FNDA:26,(anonymous_5)
FNDA:15,(anonymous_6)
FNDA:1,(anonymous_7)
FNDA:30,latest
FNDA:30,proxy
FNDA:21,generateProxyPromise
FNDA:10,(anonymous_11)
FNDA:1,(anonymous_12)
FNDA:12,(anonymous_13)
FNDA:2,(anonymous_14)
FNDA:7,(anonymous_15)
DA:10,1
DA:12,1
DA:13,1
DA:14,1
DA:21,1
DA:22,38
DA:23,0
DA:25,38
DA:26,0
DA:28,38
DA:29,9
DA:30,9
DA:31,9
DA:32,9
DA:33,8
DA:34,8
DA:37,9
DA:39,29
DA:45,1
DA:46,20
DA:48,7
DA:50,1
DA:51,1
DA:53,12
DA:56,1
DA:57,78
DA:59,1
DA:60,74
DA:61,74
DA:90,1
DA:91,30
DA:92,4
DA:94,26
DA:95,4
DA:97,22
DA:98,4
DA:100,18
DA:101,18
DA:102,18
DA:103,18
DA:104,19
DA:105,19
DA:106,19
DA:109,18
DA:110,26
DA:111,26
DA:112,1
DA:114,26
DA:115,23
DA:116,23
DA:117,1
DA:119,22
DA:120,22
DA:121,14
DA:124,25
DA:126,18
DA:127,6
DA:128,6
DA:130,18
DA:159,1
DA:160,21
DA:161,4
DA:163,17
DA:164,4
DA:166,13
DA:167,4
DA:169,9
DA:170,9
DA:171,9
DA:172,9
DA:173,22
DA:174,22
DA:175,22
DA:178,9
DA:179,15
DA:180,15
DA:181,4
DA:183,11
DA:184,11
DA:185,11
DA:186,1
DA:187,1
DA:189,10
DA:190,1
DA:192,10
DA:193,8
DA:194,8
DA:197,0
DA:201,10
DA:203,9
DA:204,2
DA:205,2
DA:206,2
DA:209,9
DA:212,1
DA:213,1
DA:214,1
DA:215,1
DA:216,1
DA:242,1
DA:243,30
DA:244,4
DA:246,26
DA:247,2
DA:249,24
DA:250,23
DA:251,5
DA:253,18
DA:254,5
DA:256,13
DA:257,13
DA:258,13
DA:259,13
DA:260,13
DA:261,13
DA:262,13
DA:263,30
DA:264,30
DA:265,30
DA:267,30
DA:268,1
DA:271,29
DA:272,9
DA:273,9
DA:276,29
DA:278,6
DA:279,6
DA:280,2
DA:282,6
DA:284,6
DA:285,3
DA:286,3
DA:288,6
DA:290,23
DA:291,23
DA:292,7
DA:293,1
DA:295,6
DA:298,23
DA:300,23
DA:301,3
DA:302,3
DA:305,23
DA:306,23
DA:307,22
DA:308,1
DA:309,1
DA:311,21
DA:312,21
DA:313,21
DA:314,6
DA:316,21
DA:317,4
DA:318,4
DA:321,21
DA:328,1
DA:329,21
DA:332,21
DA:333,21
DA:334,17
DA:335,11
DA:336,11
DA:339,13
DA:340,10
DA:341,10
DA:345,21
DA:347,1
DA:372,1
DA:373,19
DA:374,4
DA:376,15
DA:377,2
DA:379,13
DA:380,12
DA:381,2
DA:383,10
DA:384,8
DA:385,6
DA:386,1
DA:388,5
DA:389,5
DA:390,5
DA:391,5
DA:392,5
DA:393,5
DA:394,10
DA:395,10
DA:396,10
DA:397,10
DA:399,10
DA:400,2
DA:401,2
DA:405,8
DA:406,2
DA:409,8
DA:410,4
DA:411,4
DA:414,5
DA:415,8
DA:416,1
DA:418,7
DA:419,2
DA:420,2
DA:422,7
DA:423,2
DA:424,2
DA:426,7
DA:427,1
DA:429,6
DA:430,6
DA:431,6
DA:433,5
DA:435,1
DA:436,18
DA:437,4
DA:441,1
DA:442,1
DA:443,1
DA:444,1
DA:445,1
DA:446,1
DA:463,1
DA:464,18
DA:465,4
DA:467,14
DA:468,5
DA:470,9
DA:471,9
DA:472,9
DA:473,18
DA:474,18
DA:475,18
DA:476,1
DA:477,1
DA:479,17
DA:480,17
DA:481,10
DA:482,10
DA:485,7
DA:489,9
DA:490,8
DA:492,12
DA:493,3
DA:494,3
DA:496,9
DA:497,9
DA:501,2
DA:502,1
DA:504,1
DA:505,1
DA:509,7
DA:510,5
DA:511,4
DA:513,1
DA:515,3
DA:517,1
DA:518,1
DA:519,1
DA:520,1
DA:522,1
DA:523,1
DA:525,1
DA:526,1
DA:531,1
DA:533,1
DA:534,1
DA:535,1
DA:536,1
DA:537,1
LF:269
LH:266
BRDA:22,1,0,0
BRDA:22,1,1,38
BRDA:25,2,0,0
BRDA:25,2,1,38
BRDA:28,3,0,9
BRDA:28,3,1,29
BRDA:32,4,0,8
BRDA:32,4,1,1
BRDA:46,5,0,7
BRDA:46,5,1,1
BRDA:46,5,2,12
BRDA:61,6,0,74
BRDA:61,6,1,4
BRDA:61,6,2,0
BRDA:61,6,3,0
BRDA:61,6,4,0
BRDA:61,6,5,0
BRDA:91,7,0,4
BRDA:91,7,1,26
BRDA:94,8,0,4
BRDA:94,8,1,22
BRDA:94,9,0,26
BRDA:94,9,1,19
BRDA:94,9,2,16
BRDA:97,10,0,4
BRDA:97,10,1,18
BRDA:97,11,0,22
BRDA:97,11,1,12
BRDA:104,12,0,19
BRDA:104,12,1,0
BRDA:106,13,0,11
BRDA:106,13,1,8
BRDA:106,14,0,19
BRDA:106,14,1,19
BRDA:110,15,0,26
BRDA:110,15,1,26
BRDA:111,16,0,1
BRDA:111,16,1,25
BRDA:114,17,0,23
BRDA:114,17,1,3
BRDA:116,18,0,1
BRDA:116,18,1,22
BRDA:120,19,0,14
BRDA:120,19,1,8
BRDA:160,20,0,4
BRDA:160,20,1,17
BRDA:163,21,0,4
BRDA:163,21,1,13
BRDA:163,22,0,17
BRDA:163,22,1,13
BRDA:166,23,0,4
BRDA:166,23,1,9
BRDA:166,24,0,13
BRDA:166,24,1,13
BRDA:166,24,2,10
BRDA:173,25,0,22
BRDA:173,25,1,0
BRDA:175,26,0,8
BRDA:175,26,1,14
BRDA:175,27,0,22
BRDA:175,27,1,22
BRDA:179,28,0,15
BRDA:179,28,1,13
BRDA:180,29,0,4
BRDA:180,29,1,11
BRDA:185,30,0,1
BRDA:185,30,1,10
BRDA:192,31,0,8
BRDA:192,31,1,2
BRDA:193,32,0,8
BRDA:193,32,1,0
BRDA:204,33,0,2
BRDA:204,33,1,0
BRDA:217,34,0,1
BRDA:217,34,1,1
BRDA:243,35,0,4
BRDA:243,35,1,26
BRDA:246,36,0,2
BRDA:246,36,1,24
BRDA:250,37,0,5
BRDA:250,37,1,18
BRDA:250,38,0,23
BRDA:250,38,1,8
BRDA:250,38,2,4
BRDA:253,39,0,5
BRDA:253,39,1,13
BRDA:253,40,0,18
BRDA:253,40,1,18
BRDA:253,40,2,14
BRDA:263,41,0,30
BRDA:263,41,1,28
BRDA:265,42,0,30
BRDA:265,42,1,6
BRDA:265,42,2,2
BRDA:265,42,3,1
BRDA:267,43,0,1
BRDA:267,43,1,29
BRDA:267,44,0,30
BRDA:267,44,1,4
BRDA:271,45,0,9
BRDA:271,45,1,20
BRDA:271,46,0,19
BRDA:271,46,1,10
BRDA:271,47,0,29
BRDA:271,47,1,29
BRDA:276,48,0,6
BRDA:276,48,1,23
BRDA:279,49,0,2
BRDA:279,49,1,4
BRDA:284,50,0,3
BRDA:284,50,1,3
BRDA:292,51,0,1
BRDA:292,51,1,6
BRDA:300,52,0,3
BRDA:300,52,1,20
BRDA:307,53,0,1
BRDA:307,53,1,21
BRDA:313,54,0,6
BRDA:313,54,1,15
BRDA:316,55,0,4
BRDA:316,55,1,17
BRDA:334,56,0,11
BRDA:334,56,1,6
BRDA:339,57,0,10
BRDA:339,57,1,3
BRDA:373,58,0,4
BRDA:373,58,1,15
BRDA:376,59,0,2
BRDA:376,59,1,13
BRDA:380,60,0,2
BRDA:380,60,1,10
BRDA:380,61,0,12
BRDA:380,61,1,9
BRDA:380,61,2,5
BRDA:385,62,0,1
BRDA:385,62,1,5
BRDA:385,63,0,6
BRDA:385,63,1,3
BRDA:385,63,2,3
BRDA:395,64,0,0
BRDA:395,64,1,10
BRDA:395,65,0,10
BRDA:395,65,1,10
BRDA:396,66,0,10
BRDA:396,66,1,0
BRDA:399,67,0,2
BRDA:399,67,1,8
BRDA:399,68,0,10
BRDA:399,68,1,4
BRDA:405,69,0,2
BRDA:405,69,1,6
BRDA:405,70,0,8
BRDA:405,70,1,2
BRDA:409,71,0,4
BRDA:409,71,1,4
BRDA:415,72,0,1
BRDA:415,72,1,7
BRDA:418,73,0,2
BRDA:418,73,1,5
BRDA:422,74,0,2
BRDA:422,74,1,5
BRDA:426,75,0,1
BRDA:426,75,1,6
BRDA:436,76,0,4
BRDA:436,76,1,14
BRDA:436,77,0,18
BRDA:436,77,1,7
BRDA:436,77,2,4
BRDA:447,78,0,1
BRDA:447,78,1,1
BRDA:464,79,0,4
BRDA:464,79,1,14
BRDA:467,80,0,5
BRDA:467,80,1,9
BRDA:467,81,0,14
BRDA:467,81,1,13
BRDA:467,81,2,12
BRDA:475,82,0,1
BRDA:475,82,1,17
BRDA:480,83,0,10
BRDA:480,83,1,7
BRDA:492,84,0,3
BRDA:492,84,1,9
BRDA:496,85,0,9
BRDA:496,85,1,0
BRDA:501,86,0,1
BRDA:501,86,1,1
BRDA:504,87,0,1
BRDA:504,87,1,0
BRDA:509,88,0,5
BRDA:509,88,1,2
BRDA:510,89,0,4
BRDA:510,89,1,1
BRDA:510,90,0,5
BRDA:510,90,1,2
BRDA:515,91,0,1
BRDA:515,91,1,1
BRDA:515,91,2,1
BRF:198
BRH:184
end_of_record
